Unity Editor version:    2021.3.16f1 (4016570cf34f)
Branch:                  2021.3/staging
Build type:              Release
Batch mode:              YES
macOS version:           Version 13.2.1 (Build 22D68)
Darwin version:          22.3.0
Architecture:            x86_64
Running under Rosetta:   NO
Available memory:        8192 MB
Using pre-set license
Pro License: YES

COMMAND LINE ARGUMENTS:
/Applications/Unity/Hub/Editor/2021.3.16f1/Unity.app/Contents/MacOS/Unity
-adb2
-batchMode
-noUpm
-name
AssetImportWorker3
-projectPath
/Users/ruiwenhu/Documents/GitHub/CS490-AR-Project
-logFile
Logs/AssetImportWorker3.log
-srvPort
58064
Successfully changed project path to: /Users/ruiwenhu/Documents/GitHub/CS490-AR-Project
/Users/ruiwenhu/Documents/GitHub/CS490-AR-Project
[UnityMemory] Configuration Parameters - Can be set up in boot.config
    "memorysetup-bucket-allocator-granularity=16"
    "memorysetup-bucket-allocator-bucket-count=8"
    "memorysetup-bucket-allocator-block-size=33554432"
    "memorysetup-bucket-allocator-block-count=8"
    "memorysetup-main-allocator-block-size=16777216"
    "memorysetup-thread-allocator-block-size=16777216"
    "memorysetup-gfx-main-allocator-block-size=16777216"
    "memorysetup-gfx-thread-allocator-block-size=16777216"
    "memorysetup-cache-allocator-block-size=4194304"
    "memorysetup-typetree-allocator-block-size=2097152"
    "memorysetup-profiler-bucket-allocator-granularity=16"
    "memorysetup-profiler-bucket-allocator-bucket-count=8"
    "memorysetup-profiler-bucket-allocator-block-size=33554432"
    "memorysetup-profiler-bucket-allocator-block-count=8"
    "memorysetup-profiler-allocator-block-size=16777216"
    "memorysetup-profiler-editor-allocator-block-size=1048576"
    "memorysetup-temp-allocator-size-main=16777216"
    "memorysetup-job-temp-allocator-block-size=2097152"
    "memorysetup-job-temp-allocator-block-size-background=1048576"
    "memorysetup-job-temp-allocator-reduction-small-platforms=262144"
    "memorysetup-temp-allocator-size-background-worker=32768"
    "memorysetup-temp-allocator-size-job-worker=262144"
    "memorysetup-temp-allocator-size-preload-manager=33554432"
    "memorysetup-temp-allocator-size-nav-mesh-worker=65536"
    "memorysetup-temp-allocator-size-audio-worker=65536"
    "memorysetup-temp-allocator-size-cloud-worker=32768"
    "memorysetup-temp-allocator-size-gi-baking-worker=262144"
    "memorysetup-temp-allocator-size-gfx=262144"
Player connection [140704699106944] Host "[IP] 192.168.2.42 [Port] 0 [Flags] 2 [Guid] 716849413 [EditorId] 716849413 [Version] 1048832 [Id] OSXEditor(0,RuiwendeMacBook-Air.local) [Debug] 1 [PackageName] OSXEditor [ProjectName] Editor" joined multi-casting on [225.0.0.222:54997]...

Player connection [140704699106944] Host "[IP] 192.168.2.42 [Port] 0 [Flags] 2 [Guid] 716849413 [EditorId] 716849413 [Version] 1048832 [Id] OSXEditor(0,RuiwendeMacBook-Air.local) [Debug] 1 [PackageName] OSXEditor [ProjectName] Editor" joined alternative multi-casting on [225.0.0.222:34997]...

Refreshing native plugins compatible for Editor in 958.82 ms, found 7 plugins.
Preloading 4 native plugins for Editor in 119.19 ms.
Initialize engine version: 2021.3.16f1 (4016570cf34f)
[Subsystems] Discovering subsystems at path /Applications/Unity/Hub/Editor/2021.3.16f1/Unity.app/Contents/Resources/UnitySubsystems
[Subsystems] Discovering subsystems at path /Users/ruiwenhu/Documents/GitHub/CS490-AR-Project/Assets
GfxDevice: creating device client; threaded=0; jobified=0
Color LCD preferred device: Intel(R) UHD Graphics 617 (low power)
Metal devices available: 1
0: Intel(R) UHD Graphics 617 (low power)
Using device Intel(R) UHD Graphics 617 (low power)
Initializing Metal device caps: Intel(R) UHD Graphics 617
Initialize mono
Mono path[0] = '/Applications/Unity/Hub/Editor/2021.3.16f1/Unity.app/Contents/Managed'
Mono path[1] = '/Applications/Unity/Hub/Editor/2021.3.16f1/Unity.app/Contents/MonoBleedingEdge/lib/mono/unityjit-macos'
Mono config path = '/Applications/Unity/Hub/Editor/2021.3.16f1/Unity.app/Contents/MonoBleedingEdge/etc'
Using monoOptions --debugger-agent=transport=dt_socket,embedding=1,server=y,suspend=n,address=127.0.0.1:56693
Begin MonoManager ReloadAssembly
Registering precompiled unity dll's ...
Register platform support module: /Applications/Unity/Hub/Editor/2021.3.16f1/PlaybackEngines/WebGLSupport/UnityEditor.WebGL.Extensions.dll
Register platform support module: /Applications/Unity/Hub/Editor/2021.3.16f1/Unity.app/Contents/PlaybackEngines/MacStandaloneSupport/UnityEditor.OSXStandalone.Extensions.dll
Registered in 0.008982 seconds.
Native extension for OSXStandalone target not found
Native extension for WebGL target not found
Refreshing native plugins compatible for Editor in 566.53 ms, found 7 plugins.
Preloading 4 native plugins for Editor in 23.63 ms.
Mono: successfully reloaded assembly
- Completed reload, in  3.167 seconds
Domain Reload Profiling:
	ReloadAssembly (3168ms)
		BeginReloadAssembly (721ms)
			ExecutionOrderSort (0ms)
			DisableScriptedObjects (0ms)
			BackupInstance (0ms)
			ReleaseScriptingObjects (0ms)
			CreateAndSetChildDomain (1ms)
		EndReloadAssembly (1985ms)
			LoadAssemblies (725ms)
			RebuildTransferFunctionScriptingTraits (0ms)
			SetupTypeCache (347ms)
			ReleaseScriptCaches (0ms)
			RebuildScriptCaches (131ms)
			SetupLoadedEditorAssemblies (1331ms)
				LogAssemblyErrors (0ms)
				InitializePlatformSupportModulesInManaged (30ms)
				SetLoadedEditorAssemblies (1ms)
				RefreshPlugins (591ms)
				BeforeProcessingInitializeOnLoad (4ms)
				ProcessInitializeOnLoadAttributes (601ms)
				ProcessInitializeOnLoadMethodAttributes (105ms)
				AfterProcessingInitializeOnLoad (0ms)
				EditorAssembliesLoaded (0ms)
			ExecutionOrderSort2 (0ms)
			AwakeInstancesAfterBackupRestoration (0ms)
Platform modules already initialized, skipping
Registering precompiled user dll's ...
Registered in 0.013843 seconds.
Begin MonoManager ReloadAssembly
Symbol file LoadedFromMemory doesn't match image /Users/ruiwenhu/Documents/GitHub/CS490-AR-Project/Library/PackageCache/com.unity.visualscripting@1.7.8/Editor/VisualScripting.Core/Dependencies/DotNetZip/Unity.VisualScripting.IonicZip.dll
Symbol file LoadedFromMemory doesn't match image /Users/ruiwenhu/Documents/GitHub/CS490-AR-Project/Library/PackageCache/com.unity.visualscripting@1.7.8/Editor/VisualScripting.Core/Dependencies/YamlDotNet/Unity.VisualScripting.YamlDotNet.dll
Native extension for OSXStandalone target not found
Native extension for WebGL target not found
Refreshing native plugins compatible for Editor in 390.99 ms, found 7 plugins.
Preloading 4 native plugins for Editor in 14.42 ms.
Package Manager log level set to [2]
Mono: successfully reloaded assembly
- Completed reload, in  7.172 seconds
Domain Reload Profiling:
	ReloadAssembly (7175ms)
		BeginReloadAssembly (231ms)
			ExecutionOrderSort (0ms)
			DisableScriptedObjects (20ms)
			BackupInstance (0ms)
			ReleaseScriptingObjects (0ms)
			CreateAndSetChildDomain (49ms)
		EndReloadAssembly (6497ms)
			LoadAssemblies (273ms)
			RebuildTransferFunctionScriptingTraits (0ms)
			SetupTypeCache (2083ms)
			ReleaseScriptCaches (1ms)
			RebuildScriptCaches (203ms)
			SetupLoadedEditorAssemblies (3615ms)
				LogAssemblyErrors (0ms)
				InitializePlatformSupportModulesInManaged (9ms)
				SetLoadedEditorAssemblies (1ms)
				RefreshPlugins (406ms)
				BeforeProcessingInitializeOnLoad (302ms)
				ProcessInitializeOnLoadAttributes (2604ms)
				ProcessInitializeOnLoadMethodAttributes (272ms)
				AfterProcessingInitializeOnLoad (19ms)
				EditorAssembliesLoaded (2ms)
			ExecutionOrderSort2 (0ms)
			AwakeInstancesAfterBackupRestoration (39ms)
Platform modules already initialized, skipping
========================================================================
Worker process is ready to serve import requests
Launching external process: /Applications/Unity/Hub/Editor/2021.3.16f1/Unity.app/Contents/Tools/UnityShaderCompiler
Launched and connected shader compiler UnityShaderCompiler after 1.90 seconds
Refreshing native plugins compatible for Editor in 14.07 ms, found 7 plugins.
Preloading 4 native plugins for Editor in 111.60 ms.
Unloading 4629 Unused Serialized files (Serialized files now loaded: 0)
Unloading 78 unused Assets / (97.4 KB). Loaded Objects now: 5361.
Memory consumption went from 159.1 MB to 159.0 MB.
Total: 35.660285 ms (FindLiveObjects: 2.172671 ms CreateObjectMapping: 2.749521 ms MarkObjects: 28.517557 ms  DeleteObjects: 2.210666 ms)

AssetImportParameters requested are different than current active one (requested -> active):
  custom:video-decoder-ogg-theora: a1e56fd34408186e4bbccfd4996cb3dc -> 
  custom:container-muxer-webm: aa71ff27fc2769a1b78a27578f13a17b -> 
  custom:container-demuxer-webm: 4f35f7cbe854078d1ac9338744f61a02 -> 
  custom:video-encoder-webm-vp8: eb34c28f22e8b96e1ab97ce403110664 -> 
  custom:framework-osx-AVFoundation: e770b220cccbd017edd2c1fefb359320 -> 
  custom:audio-encoder-webm-vorbis: bf7c407c2cedff20999df2af8eb42d56 -> 
  custom:container-demuxer-ogg: 62fdf1f143b41e24485cea50d1cbac27 -> 
  custom:video-decoder-webm-vp8: 9c59270c3fd7afecdb556c50c9e8de78 -> 
  custom:audio-decoder-ogg-vorbis: bf7c407c2cedff20999df2af8eb42d56 -> 
========================================================================
Received Import Request.
  Time since last request: 785507.485996 seconds.
  path: Assets/ExampleAssets/Scenes/RoadSign.unity
  artifactKey: Guid(ec8cd53ae89a442e6af66fd5d3db0ba9) Importer(815301076,1909f56bfc062723c751e8b465ee728b)
Start importing Assets/ExampleAssets/Scenes/RoadSign.unity using Guid(ec8cd53ae89a442e6af66fd5d3db0ba9) Importer(815301076,1909f56bfc062723c751e8b465ee728b)  -> (artifact id: 'ab01cedec0adfb56bc70b76ce1f52bf4') in 0.098076 seconds 
========================================================================
Received Import Request.
  Time since last request: 49.223816 seconds.
  path: Assets/ExampleAssets/Scenes/SteeringWheel.unity
  artifactKey: Guid(9fc0d4010bbf28b4594072e72b8655ab) Importer(815301076,1909f56bfc062723c751e8b465ee728b)
Start importing Assets/ExampleAssets/Scenes/SteeringWheel.unity using Guid(9fc0d4010bbf28b4594072e72b8655ab) Importer(815301076,1909f56bfc062723c751e8b465ee728b)  -> (artifact id: 'bbc9ec114cd2e279c2d49fc67446cdf6') in 0.006376 seconds 
========================================================================
Received Prepare
Registering precompiled user dll's ...
Registered in 0.016490 seconds.
Begin MonoManager ReloadAssembly
Symbol file LoadedFromMemory doesn't match image /Users/ruiwenhu/Documents/GitHub/CS490-AR-Project/Library/PackageCache/com.unity.visualscripting@1.7.8/Editor/VisualScripting.Core/Dependencies/DotNetZip/Unity.VisualScripting.IonicZip.dll
Symbol file LoadedFromMemory doesn't match image /Users/ruiwenhu/Documents/GitHub/CS490-AR-Project/Library/PackageCache/com.unity.visualscripting@1.7.8/Editor/VisualScripting.Core/Dependencies/YamlDotNet/Unity.VisualScripting.YamlDotNet.dll
Native extension for OSXStandalone target not found
Native extension for WebGL target not found
Refreshing native plugins compatible for Editor in 11.94 ms, found 7 plugins.
Preloading 4 native plugins for Editor in 72.50 ms.
Mono: successfully reloaded assembly
- Completed reload, in 18.857 seconds
Domain Reload Profiling:
	ReloadAssembly (18862ms)
		BeginReloadAssembly (758ms)
			ExecutionOrderSort (0ms)
			DisableScriptedObjects (25ms)
			BackupInstance (0ms)
			ReleaseScriptingObjects (0ms)
			CreateAndSetChildDomain (189ms)
		EndReloadAssembly (16954ms)
			LoadAssemblies (1078ms)
			RebuildTransferFunctionScriptingTraits (0ms)
			SetupTypeCache (6513ms)
			ReleaseScriptCaches (14ms)
			RebuildScriptCaches (860ms)
			SetupLoadedEditorAssemblies (7361ms)
				LogAssemblyErrors (0ms)
				InitializePlatformSupportModulesInManaged (157ms)
				SetLoadedEditorAssemblies (5ms)
				RefreshPlugins (85ms)
				BeforeProcessingInitializeOnLoad (1187ms)
				ProcessInitializeOnLoadAttributes (5404ms)
				ProcessInitializeOnLoadMethodAttributes (498ms)
				AfterProcessingInitializeOnLoad (24ms)
				EditorAssembliesLoaded (1ms)
			ExecutionOrderSort2 (0ms)
			AwakeInstancesAfterBackupRestoration (41ms)
Platform modules already initialized, skipping
Refreshing native plugins compatible for Editor in 107.05 ms, found 7 plugins.
Preloading 4 native plugins for Editor in 56.51 ms.
Unloading 4581 Unused Serialized files (Serialized files now loaded: 0)
Unloading 69 unused Assets / (95.7 KB). Loaded Objects now: 5365.
Memory consumption went from 155.7 MB to 155.7 MB.
Total: 44.215025 ms (FindLiveObjects: 1.878368 ms CreateObjectMapping: 2.757831 ms MarkObjects: 38.647323 ms  DeleteObjects: 0.925808 ms)

AssetImportParameters requested are different than current active one (requested -> active):
  custom:video-decoder-ogg-theora: a1e56fd34408186e4bbccfd4996cb3dc -> 
  custom:container-muxer-webm: aa71ff27fc2769a1b78a27578f13a17b -> 
  custom:container-demuxer-webm: 4f35f7cbe854078d1ac9338744f61a02 -> 
  custom:video-encoder-webm-vp8: eb34c28f22e8b96e1ab97ce403110664 -> 
  custom:framework-osx-AVFoundation: e770b220cccbd017edd2c1fefb359320 -> 
  custom:audio-encoder-webm-vorbis: bf7c407c2cedff20999df2af8eb42d56 -> 
  custom:container-demuxer-ogg: 62fdf1f143b41e24485cea50d1cbac27 -> 
  custom:video-decoder-webm-vp8: 9c59270c3fd7afecdb556c50c9e8de78 -> 
  custom:audio-decoder-ogg-vorbis: bf7c407c2cedff20999df2af8eb42d56 -> 
========================================================================
Received Import Request.
  Time since last request: 1331.974715 seconds.
  path: Assets/ExampleAssets/Scenes/RoadSign.unity
  artifactKey: Guid(ec8cd53ae89a442e6af66fd5d3db0ba9) Importer(815301076,1909f56bfc062723c751e8b465ee728b)
Start importing Assets/ExampleAssets/Scenes/RoadSign.unity using Guid(ec8cd53ae89a442e6af66fd5d3db0ba9) Importer(815301076,1909f56bfc062723c751e8b465ee728b)  -> (artifact id: '156508938d3893eec79136a4164c9f02') in 1.197373 seconds 
========================================================================
Received Prepare
Registering precompiled user dll's ...
Registered in 0.037121 seconds.
Begin MonoManager ReloadAssembly
Symbol file LoadedFromMemory doesn't match image /Users/ruiwenhu/Documents/GitHub/CS490-AR-Project/Library/PackageCache/com.unity.visualscripting@1.7.8/Editor/VisualScripting.Core/Dependencies/DotNetZip/Unity.VisualScripting.IonicZip.dll
Symbol file LoadedFromMemory doesn't match image /Users/ruiwenhu/Documents/GitHub/CS490-AR-Project/Library/PackageCache/com.unity.visualscripting@1.7.8/Editor/VisualScripting.Core/Dependencies/YamlDotNet/Unity.VisualScripting.YamlDotNet.dll
Native extension for OSXStandalone target not found
Native extension for WebGL target not found
Refreshing native plugins compatible for Editor in 14.23 ms, found 7 plugins.
Preloading 4 native plugins for Editor in 41.19 ms.
Mono: successfully reloaded assembly
- Completed reload, in 14.391 seconds
Domain Reload Profiling:
	ReloadAssembly (14423ms)
		BeginReloadAssembly (3344ms)
			ExecutionOrderSort (0ms)
			DisableScriptedObjects (377ms)
			BackupInstance (0ms)
			ReleaseScriptingObjects (0ms)
			CreateAndSetChildDomain (1257ms)
		EndReloadAssembly (10648ms)
			LoadAssemblies (1167ms)
			RebuildTransferFunctionScriptingTraits (0ms)
			SetupTypeCache (3718ms)
			ReleaseScriptCaches (9ms)
			RebuildScriptCaches (652ms)
			SetupLoadedEditorAssemblies (4679ms)
				LogAssemblyErrors (0ms)
				InitializePlatformSupportModulesInManaged (96ms)
				SetLoadedEditorAssemblies (3ms)
				RefreshPlugins (56ms)
				BeforeProcessingInitializeOnLoad (641ms)
				ProcessInitializeOnLoadAttributes (3582ms)
				ProcessInitializeOnLoadMethodAttributes (287ms)
				AfterProcessingInitializeOnLoad (12ms)
				EditorAssembliesLoaded (1ms)
			ExecutionOrderSort2 (0ms)
			AwakeInstancesAfterBackupRestoration (49ms)
Platform modules already initialized, skipping
Refreshing native plugins compatible for Editor in 111.94 ms, found 7 plugins.
Preloading 4 native plugins for Editor in 54.78 ms.
Unloading 4581 Unused Serialized files (Serialized files now loaded: 0)
Unloading 69 unused Assets / (95.9 KB). Loaded Objects now: 5369.
Memory consumption went from 155.8 MB to 155.7 MB.
Total: 38.990248 ms (FindLiveObjects: 9.308362 ms CreateObjectMapping: 6.665987 ms MarkObjects: 22.276303 ms  DeleteObjects: 0.727250 ms)

AssetImportParameters requested are different than current active one (requested -> active):
  custom:video-decoder-ogg-theora: a1e56fd34408186e4bbccfd4996cb3dc -> 
  custom:container-muxer-webm: aa71ff27fc2769a1b78a27578f13a17b -> 
  custom:container-demuxer-webm: 4f35f7cbe854078d1ac9338744f61a02 -> 
  custom:video-encoder-webm-vp8: eb34c28f22e8b96e1ab97ce403110664 -> 
  custom:framework-osx-AVFoundation: e770b220cccbd017edd2c1fefb359320 -> 
  custom:audio-encoder-webm-vorbis: bf7c407c2cedff20999df2af8eb42d56 -> 
  custom:container-demuxer-ogg: 62fdf1f143b41e24485cea50d1cbac27 -> 
  custom:video-decoder-webm-vp8: 9c59270c3fd7afecdb556c50c9e8de78 -> 
  custom:audio-decoder-ogg-vorbis: bf7c407c2cedff20999df2af8eb42d56 -> 
========================================================================
Received Prepare
Registering precompiled user dll's ...
Registered in 0.010245 seconds.
Begin MonoManager ReloadAssembly
Symbol file LoadedFromMemory doesn't match image /Users/ruiwenhu/Documents/GitHub/CS490-AR-Project/Library/PackageCache/com.unity.visualscripting@1.7.8/Editor/VisualScripting.Core/Dependencies/DotNetZip/Unity.VisualScripting.IonicZip.dll
Symbol file LoadedFromMemory doesn't match image /Users/ruiwenhu/Documents/GitHub/CS490-AR-Project/Library/PackageCache/com.unity.visualscripting@1.7.8/Editor/VisualScripting.Core/Dependencies/YamlDotNet/Unity.VisualScripting.YamlDotNet.dll
Native extension for OSXStandalone target not found
Native extension for WebGL target not found
Refreshing native plugins compatible for Editor in 6.23 ms, found 7 plugins.
Preloading 4 native plugins for Editor in 30.64 ms.
Mono: successfully reloaded assembly
- Completed reload, in  7.440 seconds
Domain Reload Profiling:
	ReloadAssembly (7443ms)
		BeginReloadAssembly (643ms)
			ExecutionOrderSort (0ms)
			DisableScriptedObjects (13ms)
			BackupInstance (0ms)
			ReleaseScriptingObjects (0ms)
			CreateAndSetChildDomain (220ms)
		EndReloadAssembly (6249ms)
			LoadAssemblies (647ms)
			RebuildTransferFunctionScriptingTraits (0ms)
			SetupTypeCache (2129ms)
			ReleaseScriptCaches (4ms)
			RebuildScriptCaches (249ms)
			SetupLoadedEditorAssemblies (2979ms)
				LogAssemblyErrors (0ms)
				InitializePlatformSupportModulesInManaged (62ms)
				SetLoadedEditorAssemblies (3ms)
				RefreshPlugins (37ms)
				BeforeProcessingInitializeOnLoad (409ms)
				ProcessInitializeOnLoadAttributes (2277ms)
				ProcessInitializeOnLoadMethodAttributes (182ms)
				AfterProcessingInitializeOnLoad (7ms)
				EditorAssembliesLoaded (1ms)
			ExecutionOrderSort2 (0ms)
			AwakeInstancesAfterBackupRestoration (31ms)
Platform modules already initialized, skipping
Refreshing native plugins compatible for Editor in 36.40 ms, found 7 plugins.
Preloading 4 native plugins for Editor in 28.87 ms.
Unloading 4581 Unused Serialized files (Serialized files now loaded: 0)
Unloading 69 unused Assets / (95.8 KB). Loaded Objects now: 5373.
Memory consumption went from 156.0 MB to 155.9 MB.
Total: 18.863070 ms (FindLiveObjects: 1.136284 ms CreateObjectMapping: 1.458916 ms MarkObjects: 15.748395 ms  DeleteObjects: 0.516196 ms)

AssetImportParameters requested are different than current active one (requested -> active):
  custom:video-decoder-ogg-theora: a1e56fd34408186e4bbccfd4996cb3dc -> 
  custom:container-muxer-webm: aa71ff27fc2769a1b78a27578f13a17b -> 
  custom:container-demuxer-webm: 4f35f7cbe854078d1ac9338744f61a02 -> 
  custom:video-encoder-webm-vp8: eb34c28f22e8b96e1ab97ce403110664 -> 
  custom:framework-osx-AVFoundation: e770b220cccbd017edd2c1fefb359320 -> 
  custom:audio-encoder-webm-vorbis: bf7c407c2cedff20999df2af8eb42d56 -> 
  custom:container-demuxer-ogg: 62fdf1f143b41e24485cea50d1cbac27 -> 
  custom:video-decoder-webm-vp8: 9c59270c3fd7afecdb556c50c9e8de78 -> 
  custom:audio-decoder-ogg-vorbis: bf7c407c2cedff20999df2af8eb42d56 -> 
========================================================================
Received Prepare
Registering precompiled user dll's ...
Registered in 0.014329 seconds.
Begin MonoManager ReloadAssembly
Symbol file LoadedFromMemory doesn't match image /Users/ruiwenhu/Documents/GitHub/CS490-AR-Project/Library/PackageCache/com.unity.visualscripting@1.7.8/Editor/VisualScripting.Core/Dependencies/DotNetZip/Unity.VisualScripting.IonicZip.dll
Symbol file LoadedFromMemory doesn't match image /Users/ruiwenhu/Documents/GitHub/CS490-AR-Project/Library/PackageCache/com.unity.visualscripting@1.7.8/Editor/VisualScripting.Core/Dependencies/YamlDotNet/Unity.VisualScripting.YamlDotNet.dll
Native extension for OSXStandalone target not found
Native extension for WebGL target not found
Refreshing native plugins compatible for Editor in 1.76 ms, found 7 plugins.
Preloading 4 native plugins for Editor in 9.45 ms.
Mono: successfully reloaded assembly
- Completed reload, in  4.611 seconds
Domain Reload Profiling:
	ReloadAssembly (4709ms)
		BeginReloadAssembly (1969ms)
			ExecutionOrderSort (1ms)
			DisableScriptedObjects (36ms)
			BackupInstance (0ms)
			ReleaseScriptingObjects (1ms)
			CreateAndSetChildDomain (1093ms)
		EndReloadAssembly (2464ms)
			LoadAssemblies (673ms)
			RebuildTransferFunctionScriptingTraits (0ms)
			SetupTypeCache (844ms)
			ReleaseScriptCaches (25ms)
			RebuildScriptCaches (122ms)
			SetupLoadedEditorAssemblies (1074ms)
				LogAssemblyErrors (0ms)
				InitializePlatformSupportModulesInManaged (26ms)
				SetLoadedEditorAssemblies (1ms)
				RefreshPlugins (11ms)
				BeforeProcessingInitializeOnLoad (142ms)
				ProcessInitializeOnLoadAttributes (823ms)
				ProcessInitializeOnLoadMethodAttributes (69ms)
				AfterProcessingInitializeOnLoad (2ms)
				EditorAssembliesLoaded (1ms)
			ExecutionOrderSort2 (0ms)
			AwakeInstancesAfterBackupRestoration (7ms)
Platform modules already initialized, skipping
Refreshing native plugins compatible for Editor in 17.43 ms, found 7 plugins.
Preloading 4 native plugins for Editor in 11.18 ms.
Unloading 4590 Unused Serialized files (Serialized files now loaded: 0)
Unloading 70 unused Assets / (95.8 KB). Loaded Objects now: 5386.
Memory consumption went from 156.3 MB to 156.2 MB.
Total: 11.789776 ms (FindLiveObjects: 0.744028 ms CreateObjectMapping: 0.993867 ms MarkObjects: 8.956442 ms  DeleteObjects: 1.093490 ms)

AssetImportParameters requested are different than current active one (requested -> active):
  custom:video-decoder-ogg-theora: a1e56fd34408186e4bbccfd4996cb3dc -> 
  custom:container-muxer-webm: aa71ff27fc2769a1b78a27578f13a17b -> 
  custom:container-demuxer-webm: 4f35f7cbe854078d1ac9338744f61a02 -> 
  custom:video-encoder-webm-vp8: eb34c28f22e8b96e1ab97ce403110664 -> 
  custom:framework-osx-AVFoundation: e770b220cccbd017edd2c1fefb359320 -> 
  custom:audio-encoder-webm-vorbis: bf7c407c2cedff20999df2af8eb42d56 -> 
  custom:container-demuxer-ogg: 62fdf1f143b41e24485cea50d1cbac27 -> 
  custom:video-decoder-webm-vp8: 9c59270c3fd7afecdb556c50c9e8de78 -> 
  custom:audio-decoder-ogg-vorbis: bf7c407c2cedff20999df2af8eb42d56 -> 
========================================================================
Received Import Request.
  Time since last request: 842.827583 seconds.
  path: Assets/ExampleAssets/Prefabs/CubeObject.prefab
  artifactKey: Guid(fe573e7abb8af466791f07600c0785e3) Importer(815301076,1909f56bfc062723c751e8b465ee728b)
Start importing Assets/ExampleAssets/Prefabs/CubeObject.prefab using Guid(fe573e7abb8af466791f07600c0785e3) Importer(815301076,1909f56bfc062723c751e8b465ee728b)  -> (artifact id: 'c959a794beded1b082e662640eb6d039') in 1.338254 seconds 
========================================================================
Received Import Request.
  Time since last request: 0.000114 seconds.
  path: Assets/ExampleAssets/Prefabs/Cube.prefab
  artifactKey: Guid(0e1b811fdc17f418b8aa6ded25776d97) Importer(815301076,1909f56bfc062723c751e8b465ee728b)
Start importing Assets/ExampleAssets/Prefabs/Cube.prefab using Guid(0e1b811fdc17f418b8aa6ded25776d97) Importer(815301076,1909f56bfc062723c751e8b465ee728b)  -> (artifact id: '23ba1fc235e5561ce1e4f4448b6278e6') in 0.044357 seconds 
========================================================================
Received Import Request.
  Time since last request: 271.839490 seconds.
  path: Assets/ExampleAssets/Prefabs/Cube.prefab
  artifactKey: Guid(0e1b811fdc17f418b8aa6ded25776d97) Importer(815301076,1909f56bfc062723c751e8b465ee728b)
Start importing Assets/ExampleAssets/Prefabs/Cube.prefab using Guid(0e1b811fdc17f418b8aa6ded25776d97) Importer(815301076,1909f56bfc062723c751e8b465ee728b)  -> (artifact id: '9bcc38f92b24e9afcd9bbe543934713a') in 0.294132 seconds 
========================================================================
Received Import Request.
  Time since last request: 1.919662 seconds.
  path: Assets/ExampleAssets/Prefabs/Cube.prefab
  artifactKey: Guid(0e1b811fdc17f418b8aa6ded25776d97) Importer(815301076,1909f56bfc062723c751e8b465ee728b)
Start importing Assets/ExampleAssets/Prefabs/Cube.prefab using Guid(0e1b811fdc17f418b8aa6ded25776d97) Importer(815301076,1909f56bfc062723c751e8b465ee728b)  -> (artifact id: 'c96487f4e34ce9d8730d49636c33eb35') in 0.021070 seconds 
========================================================================
Received Import Request.
  Time since last request: 3.713293 seconds.
  path: Assets/ExampleAssets/Prefabs/Cube.prefab
  artifactKey: Guid(0e1b811fdc17f418b8aa6ded25776d97) Importer(815301076,1909f56bfc062723c751e8b465ee728b)
Start importing Assets/ExampleAssets/Prefabs/Cube.prefab using Guid(0e1b811fdc17f418b8aa6ded25776d97) Importer(815301076,1909f56bfc062723c751e8b465ee728b)  -> (artifact id: 'fa6213270b78024a0ac34b9545c28b9e') in 0.021609 seconds 
========================================================================
Received Import Request.
  Time since last request: 8.746941 seconds.
  path: Assets/ExampleAssets/Prefabs/Cube.prefab
  artifactKey: Guid(0e1b811fdc17f418b8aa6ded25776d97) Importer(815301076,1909f56bfc062723c751e8b465ee728b)
Start importing Assets/ExampleAssets/Prefabs/Cube.prefab using Guid(0e1b811fdc17f418b8aa6ded25776d97) Importer(815301076,1909f56bfc062723c751e8b465ee728b)  -> (artifact id: '322f9baddeafebc016c8f1fbf6fa37d7') in 0.020389 seconds 
========================================================================
Received Import Request.
  Time since last request: 1.503643 seconds.
  path: Assets/ExampleAssets/Prefabs/Cube.prefab
  artifactKey: Guid(0e1b811fdc17f418b8aa6ded25776d97) Importer(815301076,1909f56bfc062723c751e8b465ee728b)
Start importing Assets/ExampleAssets/Prefabs/Cube.prefab using Guid(0e1b811fdc17f418b8aa6ded25776d97) Importer(815301076,1909f56bfc062723c751e8b465ee728b)  -> (artifact id: 'f6aab658fb89843bc5116ec7f7385878') in 0.032281 seconds 
========================================================================
Received Import Request.
  Time since last request: 1.410063 seconds.
  path: Assets/ExampleAssets/Prefabs/Cube.prefab
  artifactKey: Guid(0e1b811fdc17f418b8aa6ded25776d97) Importer(815301076,1909f56bfc062723c751e8b465ee728b)
Start importing Assets/ExampleAssets/Prefabs/Cube.prefab using Guid(0e1b811fdc17f418b8aa6ded25776d97) Importer(815301076,1909f56bfc062723c751e8b465ee728b)  -> (artifact id: '23d43cc0c494dc7c519c00607a5136a4') in 0.019847 seconds 
========================================================================
Received Import Request.
  Time since last request: 5.583426 seconds.
  path: Assets/ExampleAssets/Scenes/RoadSign.unity
  artifactKey: Guid(ec8cd53ae89a442e6af66fd5d3db0ba9) Importer(815301076,1909f56bfc062723c751e8b465ee728b)
Start importing Assets/ExampleAssets/Scenes/RoadSign.unity using Guid(ec8cd53ae89a442e6af66fd5d3db0ba9) Importer(815301076,1909f56bfc062723c751e8b465ee728b)  -> (artifact id: 'e2620cc9038c563614d8b2ab5238771c') in 0.002674 seconds 
========================================================================
Received Prepare
Registering precompiled user dll's ...
Registered in 0.012748 seconds.
Begin MonoManager ReloadAssembly
Symbol file LoadedFromMemory doesn't match image /Users/ruiwenhu/Documents/GitHub/CS490-AR-Project/Library/PackageCache/com.unity.visualscripting@1.7.8/Editor/VisualScripting.Core/Dependencies/DotNetZip/Unity.VisualScripting.IonicZip.dll
Symbol file LoadedFromMemory doesn't match image /Users/ruiwenhu/Documents/GitHub/CS490-AR-Project/Library/PackageCache/com.unity.visualscripting@1.7.8/Editor/VisualScripting.Core/Dependencies/YamlDotNet/Unity.VisualScripting.YamlDotNet.dll
Native extension for OSXStandalone target not found
Native extension for WebGL target not found
Refreshing native plugins compatible for Editor in 3.07 ms, found 7 plugins.
Preloading 4 native plugins for Editor in 23.73 ms.
Mono: successfully reloaded assembly
- Completed reload, in  4.421 seconds
Domain Reload Profiling:
	ReloadAssembly (4423ms)
		BeginReloadAssembly (633ms)
			ExecutionOrderSort (0ms)
			DisableScriptedObjects (21ms)
			BackupInstance (0ms)
			ReleaseScriptingObjects (0ms)
			CreateAndSetChildDomain (266ms)
		EndReloadAssembly (3572ms)
			LoadAssemblies (414ms)
			RebuildTransferFunctionScriptingTraits (0ms)
			SetupTypeCache (890ms)
			ReleaseScriptCaches (5ms)
			RebuildScriptCaches (213ms)
			SetupLoadedEditorAssemblies (1713ms)
				LogAssemblyErrors (0ms)
				InitializePlatformSupportModulesInManaged (44ms)
				SetLoadedEditorAssemblies (4ms)
				RefreshPlugins (27ms)
				BeforeProcessingInitializeOnLoad (333ms)
				ProcessInitializeOnLoadAttributes (1110ms)
				ProcessInitializeOnLoadMethodAttributes (188ms)
				AfterProcessingInitializeOnLoad (5ms)
				EditorAssembliesLoaded (1ms)
			ExecutionOrderSort2 (0ms)
			AwakeInstancesAfterBackupRestoration (25ms)
Platform modules already initialized, skipping
Refreshing native plugins compatible for Editor in 55.78 ms, found 7 plugins.
Preloading 4 native plugins for Editor in 27.81 ms.
Unloading 4590 Unused Serialized files (Serialized files now loaded: 0)
Unloading 69 unused Assets / (96.6 KB). Loaded Objects now: 5400.
Memory consumption went from 162.6 MB to 162.5 MB.
Total: 17.889160 ms (FindLiveObjects: 0.968957 ms CreateObjectMapping: 1.394901 ms MarkObjects: 15.156708 ms  DeleteObjects: 0.365901 ms)

AssetImportParameters requested are different than current active one (requested -> active):
  custom:video-decoder-ogg-theora: a1e56fd34408186e4bbccfd4996cb3dc -> 
  custom:container-muxer-webm: aa71ff27fc2769a1b78a27578f13a17b -> 
  custom:container-demuxer-webm: 4f35f7cbe854078d1ac9338744f61a02 -> 
  custom:video-encoder-webm-vp8: eb34c28f22e8b96e1ab97ce403110664 -> 
  custom:framework-osx-AVFoundation: e770b220cccbd017edd2c1fefb359320 -> 
  custom:audio-encoder-webm-vorbis: bf7c407c2cedff20999df2af8eb42d56 -> 
  custom:container-demuxer-ogg: 62fdf1f143b41e24485cea50d1cbac27 -> 
  custom:video-decoder-webm-vp8: 9c59270c3fd7afecdb556c50c9e8de78 -> 
  custom:audio-decoder-ogg-vorbis: bf7c407c2cedff20999df2af8eb42d56 -> 
========================================================================
Received Prepare
Registering precompiled user dll's ...
Registered in 0.010937 seconds.
Begin MonoManager ReloadAssembly
Symbol file LoadedFromMemory doesn't match image /Users/ruiwenhu/Documents/GitHub/CS490-AR-Project/Library/PackageCache/com.unity.visualscripting@1.7.8/Editor/VisualScripting.Core/Dependencies/DotNetZip/Unity.VisualScripting.IonicZip.dll
Symbol file LoadedFromMemory doesn't match image /Users/ruiwenhu/Documents/GitHub/CS490-AR-Project/Library/PackageCache/com.unity.visualscripting@1.7.8/Editor/VisualScripting.Core/Dependencies/YamlDotNet/Unity.VisualScripting.YamlDotNet.dll
Native extension for OSXStandalone target not found
Native extension for WebGL target not found
Refreshing native plugins compatible for Editor in 4.44 ms, found 7 plugins.
Preloading 4 native plugins for Editor in 24.74 ms.
Mono: successfully reloaded assembly
- Completed reload, in  5.135 seconds
Domain Reload Profiling:
	ReloadAssembly (5136ms)
		BeginReloadAssembly (364ms)
			ExecutionOrderSort (0ms)
			DisableScriptedObjects (10ms)
			BackupInstance (0ms)
			ReleaseScriptingObjects (0ms)
			CreateAndSetChildDomain (142ms)
		EndReloadAssembly (4535ms)
			LoadAssemblies (371ms)
			RebuildTransferFunctionScriptingTraits (0ms)
			SetupTypeCache (1904ms)
			ReleaseScriptCaches (6ms)
			RebuildScriptCaches (207ms)
			SetupLoadedEditorAssemblies (1840ms)
				LogAssemblyErrors (0ms)
				InitializePlatformSupportModulesInManaged (39ms)
				SetLoadedEditorAssemblies (3ms)
				RefreshPlugins (30ms)
				BeforeProcessingInitializeOnLoad (443ms)
				ProcessInitializeOnLoadAttributes (1202ms)
				ProcessInitializeOnLoadMethodAttributes (119ms)
				AfterProcessingInitializeOnLoad (3ms)
				EditorAssembliesLoaded (1ms)
			ExecutionOrderSort2 (0ms)
			AwakeInstancesAfterBackupRestoration (15ms)
Platform modules already initialized, skipping
Refreshing native plugins compatible for Editor in 29.71 ms, found 7 plugins.
Preloading 4 native plugins for Editor in 18.17 ms.
Unloading 4590 Unused Serialized files (Serialized files now loaded: 0)
Unloading 69 unused Assets / (95.7 KB). Loaded Objects now: 5404.
Memory consumption went from 162.6 MB to 162.6 MB.
Total: 13.082630 ms (FindLiveObjects: 0.861760 ms CreateObjectMapping: 1.116614 ms MarkObjects: 10.646110 ms  DeleteObjects: 0.454446 ms)

AssetImportParameters requested are different than current active one (requested -> active):
  custom:video-decoder-ogg-theora: a1e56fd34408186e4bbccfd4996cb3dc -> 
  custom:container-muxer-webm: aa71ff27fc2769a1b78a27578f13a17b -> 
  custom:container-demuxer-webm: 4f35f7cbe854078d1ac9338744f61a02 -> 
  custom:video-encoder-webm-vp8: eb34c28f22e8b96e1ab97ce403110664 -> 
  custom:framework-osx-AVFoundation: e770b220cccbd017edd2c1fefb359320 -> 
  custom:audio-encoder-webm-vorbis: bf7c407c2cedff20999df2af8eb42d56 -> 
  custom:container-demuxer-ogg: 62fdf1f143b41e24485cea50d1cbac27 -> 
  custom:video-decoder-webm-vp8: 9c59270c3fd7afecdb556c50c9e8de78 -> 
  custom:audio-decoder-ogg-vorbis: bf7c407c2cedff20999df2af8eb42d56 -> 
========================================================================
Received Import Request.
  Time since last request: 431.318313 seconds.
  path: Assets/ExampleAssets/Prefabs/CubeAnimation.anim
  artifactKey: Guid(3db4cc0eb4ee34183ba3c37191eea662) Importer(815301076,1909f56bfc062723c751e8b465ee728b)
Start importing Assets/ExampleAssets/Prefabs/CubeAnimation.anim using Guid(3db4cc0eb4ee34183ba3c37191eea662) Importer(815301076,1909f56bfc062723c751e8b465ee728b)  -> (artifact id: 'a6b0cc7d00e1bcd372469d005f98debb') in 0.389043 seconds 
========================================================================
Received Import Request.
  Time since last request: 58.252867 seconds.
  path: Assets/ExampleAssets/Prefabs/Cube.controller
  artifactKey: Guid(fb6b8a80548fc4297a106ff39c6144f1) Importer(815301076,1909f56bfc062723c751e8b465ee728b)
Start importing Assets/ExampleAssets/Prefabs/Cube.controller using Guid(fb6b8a80548fc4297a106ff39c6144f1) Importer(815301076,1909f56bfc062723c751e8b465ee728b)  -> (artifact id: '3c2d7f27e0b91125ca99b83b79179337') in 0.356387 seconds 
========================================================================
Received Import Request.
  Time since last request: 243.694751 seconds.
  path: Assets/ExampleAssets/Prefabs/Pop.anim
  artifactKey: Guid(66ca039008f544b94b05df0db598870f) Importer(815301076,1909f56bfc062723c751e8b465ee728b)
Start importing Assets/ExampleAssets/Prefabs/Pop.anim using Guid(66ca039008f544b94b05df0db598870f) Importer(815301076,1909f56bfc062723c751e8b465ee728b)  -> (artifact id: '8d41c7ed75523336a0b37c1e84ad8992') in 0.034578 seconds 
========================================================================
Received Import Request.
  Time since last request: 1104.801648 seconds.
  path: Assets/ExampleAssets/Prefabs/Cube.prefab
  artifactKey: Guid(0e1b811fdc17f418b8aa6ded25776d97) Importer(815301076,1909f56bfc062723c751e8b465ee728b)
Start importing Assets/ExampleAssets/Prefabs/Cube.prefab using Guid(0e1b811fdc17f418b8aa6ded25776d97) Importer(815301076,1909f56bfc062723c751e8b465ee728b)  -> (artifact id: 'a70366e97bf76076b1abc18fdcc0572c') in 1.142405 seconds 
========================================================================
Received Import Request.
  Time since last request: 0.000182 seconds.
  path: Assets/ExampleAssets/Prefabs/Cube.controller
  artifactKey: Guid(fb6b8a80548fc4297a106ff39c6144f1) Importer(815301076,1909f56bfc062723c751e8b465ee728b)
Start importing Assets/ExampleAssets/Prefabs/Cube.controller using Guid(fb6b8a80548fc4297a106ff39c6144f1) Importer(815301076,1909f56bfc062723c751e8b465ee728b)  -> (artifact id: 'd078ef3026d9a4e980d4e30f61e98ae2') in 0.015937 seconds 
========================================================================
Received Import Request.
  Time since last request: 111.001114 seconds.
  path: Assets/ExampleAssets/Prefabs/Cube 1.controller
  artifactKey: Guid(99a23f394a6a541f1ac41a11d3d27699) Importer(815301076,1909f56bfc062723c751e8b465ee728b)
Start importing Assets/ExampleAssets/Prefabs/Cube 1.controller using Guid(99a23f394a6a541f1ac41a11d3d27699) Importer(815301076,1909f56bfc062723c751e8b465ee728b)  -> (artifact id: 'b23f63b837a12ae3005dedff7db7aebb') in 0.019881 seconds 
========================================================================
Received Import Request.
  Time since last request: 186.685549 seconds.
  path: Assets/ExampleAssets/Prefabs/CubeRotate.anim
  artifactKey: Guid(2c778d9525c77423194ac995ecf88f68) Importer(815301076,1909f56bfc062723c751e8b465ee728b)
Start importing Assets/ExampleAssets/Prefabs/CubeRotate.anim using Guid(2c778d9525c77423194ac995ecf88f68) Importer(815301076,1909f56bfc062723c751e8b465ee728b)  -> (artifact id: '6e0a191605588058cbbc23a0e50db315') in 0.095749 seconds 
========================================================================
Received Import Request.
  Time since last request: 407.224528 seconds.
  path: Assets/ExampleAssets/Prefabs/Cube 1.controller
  artifactKey: Guid(99a23f394a6a541f1ac41a11d3d27699) Importer(815301076,1909f56bfc062723c751e8b465ee728b)
Start importing Assets/ExampleAssets/Prefabs/Cube 1.controller using Guid(99a23f394a6a541f1ac41a11d3d27699) Importer(815301076,1909f56bfc062723c751e8b465ee728b)  -> (artifact id: '7b5ce89192c50eecdaf41cfc2829a0e1') in 0.087434 seconds 
========================================================================
Received Import Request.
  Time since last request: 31.018481 seconds.
  path: Assets/ExampleAssets/Prefabs/CubeRotate.anim
  artifactKey: Guid(2c778d9525c77423194ac995ecf88f68) Importer(815301076,1909f56bfc062723c751e8b465ee728b)
Start importing Assets/ExampleAssets/Prefabs/CubeRotate.anim using Guid(2c778d9525c77423194ac995ecf88f68) Importer(815301076,1909f56bfc062723c751e8b465ee728b)  -> (artifact id: 'ebe2545dfd22a579ffc08332dfd20947') in 0.068035 seconds 
========================================================================
Received Import Request.
  Time since last request: 6.180004 seconds.
  path: Assets/ExampleAssets/Prefabs/CubeR.anim
  artifactKey: Guid(d10f7c060f12540e9989bc45d3720b10) Importer(815301076,1909f56bfc062723c751e8b465ee728b)
Start importing Assets/ExampleAssets/Prefabs/CubeR.anim using Guid(d10f7c060f12540e9989bc45d3720b10) Importer(815301076,1909f56bfc062723c751e8b465ee728b)  -> (artifact id: '729517ce5cf0b4fdfd3f090c930f54fe') in 0.018958 seconds 
========================================================================
Received Import Request.
  Time since last request: 5.443853 seconds.
  path: Assets/ExampleAssets/Prefabs/CubeRotate.anim
  artifactKey: Guid(d10f7c060f12540e9989bc45d3720b10) Importer(815301076,1909f56bfc062723c751e8b465ee728b)
Start importing Assets/ExampleAssets/Prefabs/CubeRotate.anim using Guid(d10f7c060f12540e9989bc45d3720b10) Importer(815301076,1909f56bfc062723c751e8b465ee728b)  -> (artifact id: '17d09806b160e7056713f9a42b5347d9') in 0.009173 seconds 
========================================================================
Received Prepare
Registering precompiled user dll's ...
Registered in 0.018486 seconds.
Begin MonoManager ReloadAssembly
Symbol file LoadedFromMemory doesn't match image /Users/ruiwenhu/Documents/GitHub/CS490-AR-Project/Library/PackageCache/com.unity.visualscripting@1.7.8/Editor/VisualScripting.Core/Dependencies/DotNetZip/Unity.VisualScripting.IonicZip.dll
Symbol file LoadedFromMemory doesn't match image /Users/ruiwenhu/Documents/GitHub/CS490-AR-Project/Library/PackageCache/com.unity.visualscripting@1.7.8/Editor/VisualScripting.Core/Dependencies/YamlDotNet/Unity.VisualScripting.YamlDotNet.dll
Native extension for OSXStandalone target not found
Native extension for WebGL target not found
Refreshing native plugins compatible for Editor in 3.09 ms, found 7 plugins.
Preloading 4 native plugins for Editor in 17.20 ms.
Mono: successfully reloaded assembly
- Completed reload, in  6.671 seconds
Domain Reload Profiling:
	ReloadAssembly (6677ms)
		BeginReloadAssembly (1311ms)
			ExecutionOrderSort (0ms)
			DisableScriptedObjects (62ms)
			BackupInstance (0ms)
			ReleaseScriptingObjects (0ms)
			CreateAndSetChildDomain (473ms)
		EndReloadAssembly (4862ms)
			LoadAssemblies (735ms)
			RebuildTransferFunctionScriptingTraits (0ms)
			SetupTypeCache (1509ms)
			ReleaseScriptCaches (6ms)
			RebuildScriptCaches (204ms)
			SetupLoadedEditorAssemblies (2497ms)
				LogAssemblyErrors (0ms)
				InitializePlatformSupportModulesInManaged (41ms)
				SetLoadedEditorAssemblies (3ms)
				RefreshPlugins (20ms)
				BeforeProcessingInitializeOnLoad (289ms)
				ProcessInitializeOnLoadAttributes (2071ms)
				ProcessInitializeOnLoadMethodAttributes (69ms)
				AfterProcessingInitializeOnLoad (3ms)
				EditorAssembliesLoaded (1ms)
			ExecutionOrderSort2 (0ms)
			AwakeInstancesAfterBackupRestoration (8ms)
Platform modules already initialized, skipping
Refreshing native plugins compatible for Editor in 53.13 ms, found 7 plugins.
Preloading 4 native plugins for Editor in 35.60 ms.
Unloading 4590 Unused Serialized files (Serialized files now loaded: 0)
Unloading 69 unused Assets / (96.8 KB). Loaded Objects now: 5408.
Memory consumption went from 170.7 MB to 170.6 MB.
Total: 8.182391 ms (FindLiveObjects: 0.607341 ms CreateObjectMapping: 0.587344 ms MarkObjects: 6.726065 ms  DeleteObjects: 0.260025 ms)

AssetImportParameters requested are different than current active one (requested -> active):
  custom:video-decoder-ogg-theora: a1e56fd34408186e4bbccfd4996cb3dc -> 
  custom:container-muxer-webm: aa71ff27fc2769a1b78a27578f13a17b -> 
  custom:container-demuxer-webm: 4f35f7cbe854078d1ac9338744f61a02 -> 
  custom:video-encoder-webm-vp8: eb34c28f22e8b96e1ab97ce403110664 -> 
  custom:framework-osx-AVFoundation: e770b220cccbd017edd2c1fefb359320 -> 
  custom:audio-encoder-webm-vorbis: bf7c407c2cedff20999df2af8eb42d56 -> 
  custom:container-demuxer-ogg: 62fdf1f143b41e24485cea50d1cbac27 -> 
  custom:video-decoder-webm-vp8: 9c59270c3fd7afecdb556c50c9e8de78 -> 
  custom:audio-decoder-ogg-vorbis: bf7c407c2cedff20999df2af8eb42d56 -> 
========================================================================
Received Prepare
Registering precompiled user dll's ...
Registered in 0.010979 seconds.
Begin MonoManager ReloadAssembly
Symbol file LoadedFromMemory doesn't match image /Users/ruiwenhu/Documents/GitHub/CS490-AR-Project/Library/PackageCache/com.unity.visualscripting@1.7.8/Editor/VisualScripting.Core/Dependencies/DotNetZip/Unity.VisualScripting.IonicZip.dll
Symbol file LoadedFromMemory doesn't match image /Users/ruiwenhu/Documents/GitHub/CS490-AR-Project/Library/PackageCache/com.unity.visualscripting@1.7.8/Editor/VisualScripting.Core/Dependencies/YamlDotNet/Unity.VisualScripting.YamlDotNet.dll
Native extension for OSXStandalone target not found
Native extension for WebGL target not found
Refreshing native plugins compatible for Editor in 2.52 ms, found 7 plugins.
Preloading 4 native plugins for Editor in 18.81 ms.
Mono: successfully reloaded assembly
- Completed reload, in  6.073 seconds
Domain Reload Profiling:
	ReloadAssembly (6075ms)
		BeginReloadAssembly (464ms)
			ExecutionOrderSort (0ms)
			DisableScriptedObjects (11ms)
			BackupInstance (0ms)
			ReleaseScriptingObjects (0ms)
			CreateAndSetChildDomain (111ms)
		EndReloadAssembly (5082ms)
			LoadAssemblies (602ms)
			RebuildTransferFunctionScriptingTraits (0ms)
			SetupTypeCache (1504ms)
			ReleaseScriptCaches (8ms)
			RebuildScriptCaches (286ms)
			SetupLoadedEditorAssemblies (2514ms)
				LogAssemblyErrors (0ms)
				InitializePlatformSupportModulesInManaged (30ms)
				SetLoadedEditorAssemblies (3ms)
				RefreshPlugins (22ms)
				BeforeProcessingInitializeOnLoad (366ms)
				ProcessInitializeOnLoadAttributes (1959ms)
				ProcessInitializeOnLoadMethodAttributes (130ms)
				AfterProcessingInitializeOnLoad (4ms)
				EditorAssembliesLoaded (1ms)
			ExecutionOrderSort2 (0ms)
			AwakeInstancesAfterBackupRestoration (18ms)
Platform modules already initialized, skipping
Refreshing native plugins compatible for Editor in 48.30 ms, found 7 plugins.
Preloading 4 native plugins for Editor in 46.96 ms.
Unloading 4590 Unused Serialized files (Serialized files now loaded: 0)
Unloading 69 unused Assets / (96.1 KB). Loaded Objects now: 5412.
Memory consumption went from 170.9 MB to 170.8 MB.
Total: 17.564993 ms (FindLiveObjects: 1.207806 ms CreateObjectMapping: 1.962260 ms MarkObjects: 13.748470 ms  DeleteObjects: 0.644048 ms)

AssetImportParameters requested are different than current active one (requested -> active):
  custom:video-decoder-ogg-theora: a1e56fd34408186e4bbccfd4996cb3dc -> 
  custom:container-muxer-webm: aa71ff27fc2769a1b78a27578f13a17b -> 
  custom:container-demuxer-webm: 4f35f7cbe854078d1ac9338744f61a02 -> 
  custom:video-encoder-webm-vp8: eb34c28f22e8b96e1ab97ce403110664 -> 
  custom:framework-osx-AVFoundation: e770b220cccbd017edd2c1fefb359320 -> 
  custom:audio-encoder-webm-vorbis: bf7c407c2cedff20999df2af8eb42d56 -> 
  custom:container-demuxer-ogg: 62fdf1f143b41e24485cea50d1cbac27 -> 
  custom:video-decoder-webm-vp8: 9c59270c3fd7afecdb556c50c9e8de78 -> 
  custom:audio-decoder-ogg-vorbis: bf7c407c2cedff20999df2af8eb42d56 -> 
========================================================================
Received Prepare
Registering precompiled user dll's ...
Registered in 0.039174 seconds.
Begin MonoManager ReloadAssembly
Symbol file LoadedFromMemory doesn't match image /Users/ruiwenhu/Documents/GitHub/CS490-AR-Project/Library/PackageCache/com.unity.visualscripting@1.7.8/Editor/VisualScripting.Core/Dependencies/DotNetZip/Unity.VisualScripting.IonicZip.dll
Symbol file LoadedFromMemory doesn't match image /Users/ruiwenhu/Documents/GitHub/CS490-AR-Project/Library/PackageCache/com.unity.visualscripting@1.7.8/Editor/VisualScripting.Core/Dependencies/YamlDotNet/Unity.VisualScripting.YamlDotNet.dll
Native extension for OSXStandalone target not found
Native extension for WebGL target not found
Refreshing native plugins compatible for Editor in 5.81 ms, found 7 plugins.
Preloading 4 native plugins for Editor in 18.15 ms.
Mono: successfully reloaded assembly
- Completed reload, in  6.771 seconds
Domain Reload Profiling:
	ReloadAssembly (6774ms)
		BeginReloadAssembly (393ms)
			ExecutionOrderSort (0ms)
			DisableScriptedObjects (14ms)
			BackupInstance (0ms)
			ReleaseScriptingObjects (0ms)
			CreateAndSetChildDomain (122ms)
		EndReloadAssembly (5576ms)
			LoadAssemblies (704ms)
			RebuildTransferFunctionScriptingTraits (0ms)
			SetupTypeCache (1824ms)
			ReleaseScriptCaches (10ms)
			RebuildScriptCaches (265ms)
			SetupLoadedEditorAssemblies (2455ms)
				LogAssemblyErrors (0ms)
				InitializePlatformSupportModulesInManaged (55ms)
				SetLoadedEditorAssemblies (3ms)
				RefreshPlugins (24ms)
				BeforeProcessingInitializeOnLoad (347ms)
				ProcessInitializeOnLoadAttributes (1875ms)
				ProcessInitializeOnLoadMethodAttributes (142ms)
				AfterProcessingInitializeOnLoad (7ms)
				EditorAssembliesLoaded (2ms)
			ExecutionOrderSort2 (0ms)
			AwakeInstancesAfterBackupRestoration (21ms)
Platform modules already initialized, skipping
Refreshing native plugins compatible for Editor in 37.78 ms, found 7 plugins.
Preloading 4 native plugins for Editor in 20.25 ms.
Unloading 4590 Unused Serialized files (Serialized files now loaded: 0)
Unloading 69 unused Assets / (95.9 KB). Loaded Objects now: 5416.
Memory consumption went from 170.9 MB to 170.8 MB.
Total: 11.171532 ms (FindLiveObjects: 0.996009 ms CreateObjectMapping: 1.052293 ms MarkObjects: 8.646200 ms  DeleteObjects: 0.473054 ms)

AssetImportParameters requested are different than current active one (requested -> active):
  custom:video-decoder-ogg-theora: a1e56fd34408186e4bbccfd4996cb3dc -> 
  custom:container-muxer-webm: aa71ff27fc2769a1b78a27578f13a17b -> 
  custom:container-demuxer-webm: 4f35f7cbe854078d1ac9338744f61a02 -> 
  custom:video-encoder-webm-vp8: eb34c28f22e8b96e1ab97ce403110664 -> 
  custom:framework-osx-AVFoundation: e770b220cccbd017edd2c1fefb359320 -> 
  custom:audio-encoder-webm-vorbis: bf7c407c2cedff20999df2af8eb42d56 -> 
  custom:container-demuxer-ogg: 62fdf1f143b41e24485cea50d1cbac27 -> 
  custom:video-decoder-webm-vp8: 9c59270c3fd7afecdb556c50c9e8de78 -> 
  custom:audio-decoder-ogg-vorbis: bf7c407c2cedff20999df2af8eb42d56 -> 
========================================================================
Received Prepare
Registering precompiled user dll's ...
Registered in 0.009028 seconds.
Begin MonoManager ReloadAssembly
Symbol file LoadedFromMemory doesn't match image /Users/ruiwenhu/Documents/GitHub/CS490-AR-Project/Library/PackageCache/com.unity.visualscripting@1.7.8/Editor/VisualScripting.Core/Dependencies/DotNetZip/Unity.VisualScripting.IonicZip.dll
Symbol file LoadedFromMemory doesn't match image /Users/ruiwenhu/Documents/GitHub/CS490-AR-Project/Library/PackageCache/com.unity.visualscripting@1.7.8/Editor/VisualScripting.Core/Dependencies/YamlDotNet/Unity.VisualScripting.YamlDotNet.dll
Native extension for OSXStandalone target not found
Native extension for WebGL target not found
Refreshing native plugins compatible for Editor in 6.60 ms, found 7 plugins.
Preloading 4 native plugins for Editor in 30.59 ms.
Mono: successfully reloaded assembly
- Completed reload, in  6.413 seconds
Domain Reload Profiling:
	ReloadAssembly (6422ms)
		BeginReloadAssembly (810ms)
			ExecutionOrderSort (0ms)
			DisableScriptedObjects (38ms)
			BackupInstance (0ms)
			ReleaseScriptingObjects (1ms)
			CreateAndSetChildDomain (354ms)
		EndReloadAssembly (5201ms)
			LoadAssemblies (589ms)
			RebuildTransferFunctionScriptingTraits (0ms)
			SetupTypeCache (1540ms)
			ReleaseScriptCaches (7ms)
			RebuildScriptCaches (256ms)
			SetupLoadedEditorAssemblies (2520ms)
				LogAssemblyErrors (0ms)
				InitializePlatformSupportModulesInManaged (61ms)
				SetLoadedEditorAssemblies (4ms)
				RefreshPlugins (37ms)
				BeforeProcessingInitializeOnLoad (463ms)
				ProcessInitializeOnLoadAttributes (1722ms)
				ProcessInitializeOnLoadMethodAttributes (221ms)
				AfterProcessingInitializeOnLoad (9ms)
				EditorAssembliesLoaded (2ms)
			ExecutionOrderSort2 (0ms)
			AwakeInstancesAfterBackupRestoration (36ms)
Platform modules already initialized, skipping
Refreshing native plugins compatible for Editor in 55.48 ms, found 7 plugins.
Preloading 4 native plugins for Editor in 44.52 ms.
Unloading 4590 Unused Serialized files (Serialized files now loaded: 0)
Unloading 69 unused Assets / (88.3 KB). Loaded Objects now: 5420.
Memory consumption went from 170.9 MB to 170.8 MB.
Total: 22.756408 ms (FindLiveObjects: 1.987462 ms CreateObjectMapping: 4.693225 ms MarkObjects: 15.401529 ms  DeleteObjects: 0.670022 ms)

AssetImportParameters requested are different than current active one (requested -> active):
  custom:video-decoder-ogg-theora: a1e56fd34408186e4bbccfd4996cb3dc -> 
  custom:container-muxer-webm: aa71ff27fc2769a1b78a27578f13a17b -> 
  custom:container-demuxer-webm: 4f35f7cbe854078d1ac9338744f61a02 -> 
  custom:video-encoder-webm-vp8: eb34c28f22e8b96e1ab97ce403110664 -> 
  custom:framework-osx-AVFoundation: e770b220cccbd017edd2c1fefb359320 -> 
  custom:audio-encoder-webm-vorbis: bf7c407c2cedff20999df2af8eb42d56 -> 
  custom:container-demuxer-ogg: 62fdf1f143b41e24485cea50d1cbac27 -> 
  custom:video-decoder-webm-vp8: 9c59270c3fd7afecdb556c50c9e8de78 -> 
  custom:audio-decoder-ogg-vorbis: bf7c407c2cedff20999df2af8eb42d56 -> 
========================================================================
Received Prepare
Registering precompiled user dll's ...
Registered in 0.010614 seconds.
Begin MonoManager ReloadAssembly
Symbol file LoadedFromMemory doesn't match image /Users/ruiwenhu/Documents/GitHub/CS490-AR-Project/Library/PackageCache/com.unity.visualscripting@1.7.8/Editor/VisualScripting.Core/Dependencies/DotNetZip/Unity.VisualScripting.IonicZip.dll
Symbol file LoadedFromMemory doesn't match image /Users/ruiwenhu/Documents/GitHub/CS490-AR-Project/Library/PackageCache/com.unity.visualscripting@1.7.8/Editor/VisualScripting.Core/Dependencies/YamlDotNet/Unity.VisualScripting.YamlDotNet.dll
Native extension for OSXStandalone target not found
Native extension for WebGL target not found
Refreshing native plugins compatible for Editor in 4.81 ms, found 7 plugins.
Preloading 4 native plugins for Editor in 31.30 ms.
Mono: successfully reloaded assembly
- Completed reload, in  7.571 seconds
Domain Reload Profiling:
	ReloadAssembly (7575ms)
		BeginReloadAssembly (941ms)
			ExecutionOrderSort (0ms)
			DisableScriptedObjects (21ms)
			BackupInstance (0ms)
			ReleaseScriptingObjects (0ms)
			CreateAndSetChildDomain (436ms)
		EndReloadAssembly (6019ms)
			LoadAssemblies (721ms)
			RebuildTransferFunctionScriptingTraits (0ms)
			SetupTypeCache (2003ms)
			ReleaseScriptCaches (14ms)
			RebuildScriptCaches (391ms)
			SetupLoadedEditorAssemblies (2649ms)
				LogAssemblyErrors (0ms)
				InitializePlatformSupportModulesInManaged (87ms)
				SetLoadedEditorAssemblies (3ms)
				RefreshPlugins (37ms)
				BeforeProcessingInitializeOnLoad (393ms)
				ProcessInitializeOnLoadAttributes (1986ms)
				ProcessInitializeOnLoadMethodAttributes (132ms)
				AfterProcessingInitializeOnLoad (8ms)
				EditorAssembliesLoaded (3ms)
			ExecutionOrderSort2 (0ms)
			AwakeInstancesAfterBackupRestoration (18ms)
Platform modules already initialized, skipping
Refreshing native plugins compatible for Editor in 31.06 ms, found 7 plugins.
Preloading 4 native plugins for Editor in 24.00 ms.
Unloading 4590 Unused Serialized files (Serialized files now loaded: 0)
Unloading 69 unused Assets / (96.1 KB). Loaded Objects now: 5424.
Memory consumption went from 170.9 MB to 170.8 MB.
Total: 20.744587 ms (FindLiveObjects: 0.881635 ms CreateObjectMapping: 1.162947 ms MarkObjects: 18.111673 ms  DeleteObjects: 0.584718 ms)

AssetImportParameters requested are different than current active one (requested -> active):
  custom:video-decoder-ogg-theora: a1e56fd34408186e4bbccfd4996cb3dc -> 
  custom:container-muxer-webm: aa71ff27fc2769a1b78a27578f13a17b -> 
  custom:container-demuxer-webm: 4f35f7cbe854078d1ac9338744f61a02 -> 
  custom:video-encoder-webm-vp8: eb34c28f22e8b96e1ab97ce403110664 -> 
  custom:framework-osx-AVFoundation: e770b220cccbd017edd2c1fefb359320 -> 
  custom:audio-encoder-webm-vorbis: bf7c407c2cedff20999df2af8eb42d56 -> 
  custom:container-demuxer-ogg: 62fdf1f143b41e24485cea50d1cbac27 -> 
  custom:video-decoder-webm-vp8: 9c59270c3fd7afecdb556c50c9e8de78 -> 
  custom:audio-decoder-ogg-vorbis: bf7c407c2cedff20999df2af8eb42d56 -> 
========================================================================
Received Import Request.
  Time since last request: 820.757031 seconds.
  path: Assets/ExampleAssets/Scenes/SteeringWheel.unity
  artifactKey: Guid(9fc0d4010bbf28b4594072e72b8655ab) Importer(815301076,1909f56bfc062723c751e8b465ee728b)
Start importing Assets/ExampleAssets/Scenes/SteeringWheel.unity using Guid(9fc0d4010bbf28b4594072e72b8655ab) Importer(815301076,1909f56bfc062723c751e8b465ee728b)  -> (artifact id: '0a5c990a1a7f19720d2926aef6def940') in 0.010387 seconds 
========================================================================
Received Import Request.
  Time since last request: 77.364656 seconds.
  path: Assets/ExampleAssets/Scenes/SampleSceneSettings.lighting
  artifactKey: Guid(d32fb48f620654ba983ab4c1beda5c8f) Importer(815301076,1909f56bfc062723c751e8b465ee728b)
Start importing Assets/ExampleAssets/Scenes/SampleSceneSettings.lighting using Guid(d32fb48f620654ba983ab4c1beda5c8f) Importer(815301076,1909f56bfc062723c751e8b465ee728b)  -> (artifact id: 'dadadcf0bccb28c50d88859a73b2a70f') in 0.569712 seconds 
========================================================================
Received Import Request.
  Time since last request: 183.446908 seconds.
  path: Assets/ExampleAssets/Scenes/HomePage.unity
  artifactKey: Guid(b9f2283fbe28b4a1cab29221fd803886) Importer(815301076,1909f56bfc062723c751e8b465ee728b)
Start importing Assets/ExampleAssets/Scenes/HomePage.unity using Guid(b9f2283fbe28b4a1cab29221fd803886) Importer(815301076,1909f56bfc062723c751e8b465ee728b)  -> (artifact id: '7a28f0c38638772dfa984c2b35f443a1') in 0.024091 seconds 
========================================================================
Received Import Request.
  Time since last request: 388.251921 seconds.
  path: Assets/ExampleAssets/Scripts/SceneLoader.cs
  artifactKey: Guid(d2f94d8fe7a0c4d4ca3ef850884095a6) Importer(815301076,1909f56bfc062723c751e8b465ee728b)
Start importing Assets/ExampleAssets/Scripts/SceneLoader.cs using Guid(d2f94d8fe7a0c4d4ca3ef850884095a6) Importer(815301076,1909f56bfc062723c751e8b465ee728b)  -> (artifact id: '45ce6c9f9565c53540dc9d15badd6219') in 1.123028 seconds 
========================================================================
Received Import Request.
  Time since last request: 181.106316 seconds.
  path: Assets/ExampleAssets/Scripts/SceneLoader.cs
  artifactKey: Guid(d2f94d8fe7a0c4d4ca3ef850884095a6) Importer(815301076,1909f56bfc062723c751e8b465ee728b)
Start importing Assets/ExampleAssets/Scripts/SceneLoader.cs using Guid(d2f94d8fe7a0c4d4ca3ef850884095a6) Importer(815301076,1909f56bfc062723c751e8b465ee728b)  -> (artifact id: '18af80abd3f078e792a93b235836335b') in 0.042450 seconds 
========================================================================
Received Import Request.
  Time since last request: 5.000598 seconds.
  path: Assets/ExampleAssets/Scripts/ScrollSnapRect.cs
  artifactKey: Guid(8c09554a065884de3ae1945b00dcd83b) Importer(815301076,1909f56bfc062723c751e8b465ee728b)
Start importing Assets/ExampleAssets/Scripts/ScrollSnapRect.cs using Guid(8c09554a065884de3ae1945b00dcd83b) Importer(815301076,1909f56bfc062723c751e8b465ee728b)  -> (artifact id: 'f9710a551a0c99859ac3ccf68b4e79e8') in 0.011001 seconds 
========================================================================
Received Import Request.
  Time since last request: 0.827281 seconds.
  path: Assets/ExampleAssets/Scripts/VideoPlayerManager.cs
  artifactKey: Guid(a1cadc4b31adf4e59a21d85f58967e11) Importer(815301076,1909f56bfc062723c751e8b465ee728b)
Start importing Assets/ExampleAssets/Scripts/VideoPlayerManager.cs using Guid(a1cadc4b31adf4e59a21d85f58967e11) Importer(815301076,1909f56bfc062723c751e8b465ee728b)  -> (artifact id: '7c0f370d2eef75aa80ebc61ef82823fb') in 0.009087 seconds 
========================================================================
Received Import Request.
  Time since last request: 20.743468 seconds.
  path: Assets/ExampleAssets/Scripts/SampleWebView.cs
  artifactKey: Guid(99b14987ccb044984b0cf3db6006e1dd) Importer(815301076,1909f56bfc062723c751e8b465ee728b)
Start importing Assets/ExampleAssets/Scripts/SampleWebView.cs using Guid(99b14987ccb044984b0cf3db6006e1dd) Importer(815301076,1909f56bfc062723c751e8b465ee728b)  -> (artifact id: '3a9b3996596d95b4125113c49a2efd04') in 0.008174 seconds 
========================================================================
Received Import Request.
  Time since last request: 3.369227 seconds.
  path: Assets/ExampleAssets/Scripts/ProgressBarDelegate.cs
  artifactKey: Guid(4d3129b9286114be2b08dd70870adca8) Importer(815301076,1909f56bfc062723c751e8b465ee728b)
Start importing Assets/ExampleAssets/Scripts/ProgressBarDelegate.cs using Guid(4d3129b9286114be2b08dd70870adca8) Importer(815301076,1909f56bfc062723c751e8b465ee728b)  -> (artifact id: 'aed96588142cf861c1f35424614de167') in 0.012383 seconds 
========================================================================
Received Import Request.
  Time since last request: 3.485172 seconds.
  path: Assets/ExampleAssets/Scripts/OrientationManager.cs
  artifactKey: Guid(9a6f2d87f76414820b01eb73dd1fb1c1) Importer(815301076,1909f56bfc062723c751e8b465ee728b)
Start importing Assets/ExampleAssets/Scripts/OrientationManager.cs using Guid(9a6f2d87f76414820b01eb73dd1fb1c1) Importer(815301076,1909f56bfc062723c751e8b465ee728b)  -> (artifact id: 'b68d5aa052149454e2aac2e0a788ef25') in 0.005978 seconds 
========================================================================
Received Import Request.
  Time since last request: 2.053589 seconds.
  path: Assets/ExampleAssets/Scripts/DisplayBehaviour.cs
  artifactKey: Guid(266fa693508394e7da3721d0228104e0) Importer(815301076,1909f56bfc062723c751e8b465ee728b)
Start importing Assets/ExampleAssets/Scripts/DisplayBehaviour.cs using Guid(266fa693508394e7da3721d0228104e0) Importer(815301076,1909f56bfc062723c751e8b465ee728b)  -> (artifact id: '68e677a9863fda7f8b289e17f501f9b9') in 0.009292 seconds 
========================================================================
Received Prepare
Registering precompiled user dll's ...
Registered in 0.012675 seconds.
Begin MonoManager ReloadAssembly
Symbol file LoadedFromMemory doesn't match image /Users/ruiwenhu/Documents/GitHub/CS490-AR-Project/Library/PackageCache/com.unity.visualscripting@1.7.8/Editor/VisualScripting.Core/Dependencies/DotNetZip/Unity.VisualScripting.IonicZip.dll
Symbol file LoadedFromMemory doesn't match image /Users/ruiwenhu/Documents/GitHub/CS490-AR-Project/Library/PackageCache/com.unity.visualscripting@1.7.8/Editor/VisualScripting.Core/Dependencies/YamlDotNet/Unity.VisualScripting.YamlDotNet.dll
Native extension for OSXStandalone target not found
Native extension for WebGL target not found
Refreshing native plugins compatible for Editor in 5.87 ms, found 7 plugins.
Preloading 4 native plugins for Editor in 35.87 ms.
Mono: successfully reloaded assembly
- Completed reload, in  8.629 seconds
Domain Reload Profiling:
	ReloadAssembly (8647ms)
		BeginReloadAssembly (1527ms)
			ExecutionOrderSort (0ms)
			DisableScriptedObjects (57ms)
			BackupInstance (0ms)
			ReleaseScriptingObjects (0ms)
			CreateAndSetChildDomain (662ms)
		EndReloadAssembly (6485ms)
			LoadAssemblies (873ms)
			RebuildTransferFunctionScriptingTraits (2ms)
			SetupTypeCache (2324ms)
			ReleaseScriptCaches (7ms)
			RebuildScriptCaches (332ms)
			SetupLoadedEditorAssemblies (2854ms)
				LogAssemblyErrors (0ms)
				InitializePlatformSupportModulesInManaged (62ms)
				SetLoadedEditorAssemblies (4ms)
				RefreshPlugins (42ms)
				BeforeProcessingInitializeOnLoad (533ms)
				ProcessInitializeOnLoadAttributes (2026ms)
				ProcessInitializeOnLoadMethodAttributes (177ms)
				AfterProcessingInitializeOnLoad (8ms)
				EditorAssembliesLoaded (1ms)
			ExecutionOrderSort2 (0ms)
			AwakeInstancesAfterBackupRestoration (25ms)
Platform modules already initialized, skipping
Refreshing native plugins compatible for Editor in 50.33 ms, found 7 plugins.
Preloading 4 native plugins for Editor in 33.56 ms.
Unloading 4587 Unused Serialized files (Serialized files now loaded: 0)
Unloading 72 unused Assets / (95.9 KB). Loaded Objects now: 5425.
Memory consumption went from 178.9 MB to 178.9 MB.
Total: 77.909226 ms (FindLiveObjects: 2.100728 ms CreateObjectMapping: 2.335242 ms MarkObjects: 72.564732 ms  DeleteObjects: 0.905546 ms)

AssetImportParameters requested are different than current active one (requested -> active):
  custom:video-decoder-ogg-theora: a1e56fd34408186e4bbccfd4996cb3dc -> 
  custom:container-muxer-webm: aa71ff27fc2769a1b78a27578f13a17b -> 
  custom:container-demuxer-webm: 4f35f7cbe854078d1ac9338744f61a02 -> 
  custom:video-encoder-webm-vp8: eb34c28f22e8b96e1ab97ce403110664 -> 
  custom:framework-osx-AVFoundation: e770b220cccbd017edd2c1fefb359320 -> 
  custom:audio-encoder-webm-vorbis: bf7c407c2cedff20999df2af8eb42d56 -> 
  custom:container-demuxer-ogg: 62fdf1f143b41e24485cea50d1cbac27 -> 
  custom:video-decoder-webm-vp8: 9c59270c3fd7afecdb556c50c9e8de78 -> 
  custom:audio-decoder-ogg-vorbis: bf7c407c2cedff20999df2af8eb42d56 -> 
========================================================================
Received Prepare
Registering precompiled user dll's ...
Registered in 0.011691 seconds.
Begin MonoManager ReloadAssembly
Symbol file LoadedFromMemory doesn't match image /Users/ruiwenhu/Documents/GitHub/CS490-AR-Project/Library/PackageCache/com.unity.visualscripting@1.7.8/Editor/VisualScripting.Core/Dependencies/DotNetZip/Unity.VisualScripting.IonicZip.dll
Symbol file LoadedFromMemory doesn't match image /Users/ruiwenhu/Documents/GitHub/CS490-AR-Project/Library/PackageCache/com.unity.visualscripting@1.7.8/Editor/VisualScripting.Core/Dependencies/YamlDotNet/Unity.VisualScripting.YamlDotNet.dll
Native extension for OSXStandalone target not found
Native extension for WebGL target not found
Refreshing native plugins compatible for Editor in 6.77 ms, found 7 plugins.
Preloading 4 native plugins for Editor in 32.71 ms.
Mono: successfully reloaded assembly
- Completed reload, in  6.024 seconds
Domain Reload Profiling:
	ReloadAssembly (6027ms)
		BeginReloadAssembly (921ms)
			ExecutionOrderSort (0ms)
			DisableScriptedObjects (37ms)
			BackupInstance (0ms)
			ReleaseScriptingObjects (0ms)
			CreateAndSetChildDomain (305ms)
		EndReloadAssembly (4449ms)
			LoadAssemblies (611ms)
			RebuildTransferFunctionScriptingTraits (0ms)
			SetupTypeCache (2095ms)
			ReleaseScriptCaches (6ms)
			RebuildScriptCaches (321ms)
			SetupLoadedEditorAssemblies (1335ms)
				LogAssemblyErrors (0ms)
				InitializePlatformSupportModulesInManaged (74ms)
				SetLoadedEditorAssemblies (4ms)
				RefreshPlugins (40ms)
				BeforeProcessingInitializeOnLoad (521ms)
				ProcessInitializeOnLoadAttributes (635ms)
				ProcessInitializeOnLoadMethodAttributes (57ms)
				AfterProcessingInitializeOnLoad (4ms)
				EditorAssembliesLoaded (1ms)
			ExecutionOrderSort2 (0ms)
			AwakeInstancesAfterBackupRestoration (8ms)
Platform modules already initialized, skipping
Refreshing native plugins compatible for Editor in 12.51 ms, found 7 plugins.
Preloading 4 native plugins for Editor in 18.16 ms.
Unloading 4586 Unused Serialized files (Serialized files now loaded: 0)
Unloading 70 unused Assets / (96.0 KB). Loaded Objects now: 5428.
Memory consumption went from 178.9 MB to 178.8 MB.
Total: 40.419636 ms (FindLiveObjects: 2.056742 ms CreateObjectMapping: 4.424741 ms MarkObjects: 32.890008 ms  DeleteObjects: 1.043240 ms)

AssetImportParameters requested are different than current active one (requested -> active):
  custom:video-decoder-ogg-theora: a1e56fd34408186e4bbccfd4996cb3dc -> 
  custom:container-muxer-webm: aa71ff27fc2769a1b78a27578f13a17b -> 
  custom:container-demuxer-webm: 4f35f7cbe854078d1ac9338744f61a02 -> 
  custom:video-encoder-webm-vp8: eb34c28f22e8b96e1ab97ce403110664 -> 
  custom:framework-osx-AVFoundation: e770b220cccbd017edd2c1fefb359320 -> 
  custom:audio-encoder-webm-vorbis: bf7c407c2cedff20999df2af8eb42d56 -> 
  custom:container-demuxer-ogg: 62fdf1f143b41e24485cea50d1cbac27 -> 
  custom:video-decoder-webm-vp8: 9c59270c3fd7afecdb556c50c9e8de78 -> 
  custom:audio-decoder-ogg-vorbis: bf7c407c2cedff20999df2af8eb42d56 -> 
========================================================================
Received Import Request.
  Time since last request: 144.247577 seconds.
  path: Assets/ExampleAssets/Prefabs/Cube.prefab
  artifactKey: Guid(0e1b811fdc17f418b8aa6ded25776d97) Importer(815301076,1909f56bfc062723c751e8b465ee728b)
Start importing Assets/ExampleAssets/Prefabs/Cube.prefab using Guid(0e1b811fdc17f418b8aa6ded25776d97) Importer(815301076,1909f56bfc062723c751e8b465ee728b)  -> (artifact id: 'c887b202710cc45df20c88764858b2e8') in 0.205397 seconds 
========================================================================
Received Import Request.
  Time since last request: 4.471272 seconds.
  path: Assets/ExampleAssets/Prefabs/Cube (1).controller
  artifactKey: Guid(b017d619831c740a1b614b63d41d0de5) Importer(815301076,1909f56bfc062723c751e8b465ee728b)
Start importing Assets/ExampleAssets/Prefabs/Cube (1).controller using Guid(b017d619831c740a1b614b63d41d0de5) Importer(815301076,1909f56bfc062723c751e8b465ee728b)  -> (artifact id: '79aac96a69b625f96291b9f38d76237e') in 0.037033 seconds 
========================================================================
Received Import Request.
  Time since last request: 9.207694 seconds.
  path: Assets/ExampleAssets/Prefabs/Cube.prefab
  artifactKey: Guid(0e1b811fdc17f418b8aa6ded25776d97) Importer(815301076,1909f56bfc062723c751e8b465ee728b)
Start importing Assets/ExampleAssets/Prefabs/Cube.prefab using Guid(0e1b811fdc17f418b8aa6ded25776d97) Importer(815301076,1909f56bfc062723c751e8b465ee728b)  -> (artifact id: '75f94f2820793edfde48110621810a04') in 0.017944 seconds 
========================================================================
Received Import Request.
  Time since last request: 5.021658 seconds.
  path: Assets/ExampleAssets/Materials/PlacedCubeMat.mat
  artifactKey: Guid(0ce7ca15cd93341beb67396a494cef55) Importer(815301076,1909f56bfc062723c751e8b465ee728b)
Start importing Assets/ExampleAssets/Materials/PlacedCubeMat.mat using Guid(0ce7ca15cd93341beb67396a494cef55) Importer(815301076,1909f56bfc062723c751e8b465ee728b)  -> (artifact id: '909e79d7eb8634f487ba0df17f8cce91') in 0.452827 seconds 
========================================================================
Received Import Request.
  Time since last request: 6.113281 seconds.
  path: Assets/ExampleAssets/Tutorial/ARTutorialStyle.asset
  artifactKey: Guid(673c100feae4c40308b05cbe438649eb) Importer(815301076,1909f56bfc062723c751e8b465ee728b)
Start importing Assets/ExampleAssets/Tutorial/ARTutorialStyle.asset using Guid(673c100feae4c40308b05cbe438649eb) Importer(815301076,1909f56bfc062723c751e8b465ee728b)  -> (artifact id: 'ed2c59784ae5614d2e0b51c4095faaac') in 0.252039 seconds 
========================================================================
Received Import Request.
  Time since last request: 0.000178 seconds.
  path: Assets/ExampleAssets/Tutorial/ARTutorialWelcomePage.asset
  artifactKey: Guid(d7ed8cdd171b54fe39c58afde8ff5d51) Importer(815301076,1909f56bfc062723c751e8b465ee728b)
Start importing Assets/ExampleAssets/Tutorial/ARTutorialWelcomePage.asset using Guid(d7ed8cdd171b54fe39c58afde8ff5d51) Importer(815301076,1909f56bfc062723c751e8b465ee728b)  -> (artifact id: '614bc2c0d06237ee7300612bffbdca6f') in 0.037618 seconds 
========================================================================
Received Import Request.
  Time since last request: 0.000180 seconds.
  path: Assets/ExampleAssets/Tutorial/TutorialsContainer.asset
  artifactKey: Guid(58201dbec29094f7a9c5cf1b87912e6b) Importer(815301076,1909f56bfc062723c751e8b465ee728b)
Start importing Assets/ExampleAssets/Tutorial/TutorialsContainer.asset using Guid(58201dbec29094f7a9c5cf1b87912e6b) Importer(815301076,1909f56bfc062723c751e8b465ee728b)  -> (artifact id: '0bfda6073c9da9c5490736d7693711d9') in 0.022886 seconds 
========================================================================
Received Import Request.
  Time since last request: 0.000131 seconds.
  path: Assets/ExampleAssets/Tutorial/TutorialProjectSettings.asset
  artifactKey: Guid(81fee52a5ef9d49a9babe154239f82cf) Importer(815301076,1909f56bfc062723c751e8b465ee728b)
Start importing Assets/ExampleAssets/Tutorial/TutorialProjectSettings.asset using Guid(81fee52a5ef9d49a9babe154239f82cf) Importer(815301076,1909f56bfc062723c751e8b465ee728b)  -> (artifact id: '5b98b36a26df71d9401a569e41f9d8a7') in 0.014984 seconds 
========================================================================
Received Import Request.
  Time since last request: 22.561746 seconds.
  path: Assets/ExampleAssets/Tutorial/Images/project-header-ar.png
  artifactKey: Guid(36ba5f0e57d094b0c9364f801bc2bac0) Importer(815301076,1909f56bfc062723c751e8b465ee728b)
Start importing Assets/ExampleAssets/Tutorial/Images/project-header-ar.png using Guid(36ba5f0e57d094b0c9364f801bc2bac0) Importer(815301076,1909f56bfc062723c751e8b465ee728b)  -> (artifact id: 'e609aab16808d95664d3441de98a43f1') in 3.146511 seconds 
========================================================================
Received Import Request.
  Time since last request: 495.778123 seconds.
  path: Assets/back.png
  artifactKey: Guid(333fb2375bcb94bd09ea7cce6ca36433) Importer(815301076,1909f56bfc062723c751e8b465ee728b)
Start importing Assets/back.png using Guid(333fb2375bcb94bd09ea7cce6ca36433) Importer(815301076,1909f56bfc062723c751e8b465ee728b)  -> (artifact id: '6a4454def7a7fbdb869ae1ae74c11e70') in 0.932455 seconds 
========================================================================
Received Import Request.
  Time since last request: 40.553052 seconds.
  path: Assets/ExampleAssets/Scenes/RoadSign.unity
  artifactKey: Guid(ec8cd53ae89a442e6af66fd5d3db0ba9) Importer(815301076,1909f56bfc062723c751e8b465ee728b)
Start importing Assets/ExampleAssets/Scenes/RoadSign.unity using Guid(ec8cd53ae89a442e6af66fd5d3db0ba9) Importer(815301076,1909f56bfc062723c751e8b465ee728b)  -> (artifact id: '299df62629dfea703e3cb4484d884831') in 0.008157 seconds 
========================================================================
Received Import Request.
  Time since last request: 354.190348 seconds.
  path: Assets/ExampleAssets/Scenes/SteeringWheel.unity
  artifactKey: Guid(9fc0d4010bbf28b4594072e72b8655ab) Importer(815301076,1909f56bfc062723c751e8b465ee728b)
Start importing Assets/ExampleAssets/Scenes/SteeringWheel.unity using Guid(9fc0d4010bbf28b4594072e72b8655ab) Importer(815301076,1909f56bfc062723c751e8b465ee728b)  -> (artifact id: '184d5510367953d14fb21e7e8979db97') in 0.014103 seconds 
========================================================================
Received Import Request.
  Time since last request: 17.276788 seconds.
  path: Assets/ExampleAssets/Scenes/HomePage.unity
  artifactKey: Guid(b9f2283fbe28b4a1cab29221fd803886) Importer(815301076,1909f56bfc062723c751e8b465ee728b)
Start importing Assets/ExampleAssets/Scenes/HomePage.unity using Guid(b9f2283fbe28b4a1cab29221fd803886) Importer(815301076,1909f56bfc062723c751e8b465ee728b)  -> (artifact id: 'ec31e55d86a2fd9430794d3feb928eca') in 0.006676 seconds 
========================================================================
Received Prepare
Registering precompiled user dll's ...
Registered in 0.009302 seconds.
Begin MonoManager ReloadAssembly
Symbol file LoadedFromMemory doesn't match image /Users/ruiwenhu/Documents/GitHub/CS490-AR-Project/Library/PackageCache/com.unity.visualscripting@1.7.8/Editor/VisualScripting.Core/Dependencies/DotNetZip/Unity.VisualScripting.IonicZip.dll
Symbol file LoadedFromMemory doesn't match image /Users/ruiwenhu/Documents/GitHub/CS490-AR-Project/Library/PackageCache/com.unity.visualscripting@1.7.8/Editor/VisualScripting.Core/Dependencies/YamlDotNet/Unity.VisualScripting.YamlDotNet.dll
Native extension for OSXStandalone target not found
Native extension for WebGL target not found
Refreshing native plugins compatible for Editor in 1.54 ms, found 7 plugins.
Preloading 4 native plugins for Editor in 10.48 ms.
Mono: successfully reloaded assembly
- Completed reload, in  7.210 seconds
Domain Reload Profiling:
	ReloadAssembly (7218ms)
		BeginReloadAssembly (2190ms)
			ExecutionOrderSort (0ms)
			DisableScriptedObjects (181ms)
			BackupInstance (0ms)
			ReleaseScriptingObjects (5ms)
			CreateAndSetChildDomain (900ms)
		EndReloadAssembly (4368ms)
			LoadAssemblies (1041ms)
			RebuildTransferFunctionScriptingTraits (1ms)
			SetupTypeCache (2547ms)
			ReleaseScriptCaches (6ms)
			RebuildScriptCaches (95ms)
			SetupLoadedEditorAssemblies (1054ms)
				LogAssemblyErrors (0ms)
				InitializePlatformSupportModulesInManaged (23ms)
				SetLoadedEditorAssemblies (3ms)
				RefreshPlugins (12ms)
				BeforeProcessingInitializeOnLoad (141ms)
				ProcessInitializeOnLoadAttributes (808ms)
				ProcessInitializeOnLoadMethodAttributes (64ms)
				AfterProcessingInitializeOnLoad (4ms)
				EditorAssembliesLoaded (1ms)
			ExecutionOrderSort2 (0ms)
			AwakeInstancesAfterBackupRestoration (9ms)
Platform modules already initialized, skipping
Refreshing native plugins compatible for Editor in 8.80 ms, found 7 plugins.
Preloading 4 native plugins for Editor in 10.70 ms.
Unloading 4586 Unused Serialized files (Serialized files now loaded: 0)
Unloading 69 unused Assets / (96.8 KB). Loaded Objects now: 5470.
Memory consumption went from 191.5 MB to 191.4 MB.
Total: 7.050765 ms (FindLiveObjects: 0.566529 ms CreateObjectMapping: 0.912723 ms MarkObjects: 5.334082 ms  DeleteObjects: 0.236175 ms)

AssetImportParameters requested are different than current active one (requested -> active):
  custom:video-decoder-ogg-theora: a1e56fd34408186e4bbccfd4996cb3dc -> 
  custom:container-muxer-webm: aa71ff27fc2769a1b78a27578f13a17b -> 
  custom:container-demuxer-webm: 4f35f7cbe854078d1ac9338744f61a02 -> 
  custom:video-encoder-webm-vp8: eb34c28f22e8b96e1ab97ce403110664 -> 
  custom:framework-osx-AVFoundation: e770b220cccbd017edd2c1fefb359320 -> 
  custom:audio-encoder-webm-vorbis: bf7c407c2cedff20999df2af8eb42d56 -> 
  custom:container-demuxer-ogg: 62fdf1f143b41e24485cea50d1cbac27 -> 
  custom:video-decoder-webm-vp8: 9c59270c3fd7afecdb556c50c9e8de78 -> 
  custom:audio-decoder-ogg-vorbis: bf7c407c2cedff20999df2af8eb42d56 -> 
========================================================================
Received Prepare
Registering precompiled user dll's ...
Registered in 0.016588 seconds.
Begin MonoManager ReloadAssembly
Symbol file LoadedFromMemory doesn't match image /Users/ruiwenhu/Documents/GitHub/CS490-AR-Project/Library/PackageCache/com.unity.visualscripting@1.7.8/Editor/VisualScripting.Core/Dependencies/DotNetZip/Unity.VisualScripting.IonicZip.dll
Symbol file LoadedFromMemory doesn't match image /Users/ruiwenhu/Documents/GitHub/CS490-AR-Project/Library/PackageCache/com.unity.visualscripting@1.7.8/Editor/VisualScripting.Core/Dependencies/YamlDotNet/Unity.VisualScripting.YamlDotNet.dll
Native extension for OSXStandalone target not found
Native extension for WebGL target not found
Refreshing native plugins compatible for Editor in 6.91 ms, found 7 plugins.
Preloading 4 native plugins for Editor in 31.70 ms.
Mono: successfully reloaded assembly
- Completed reload, in  7.177 seconds
Domain Reload Profiling:
	ReloadAssembly (7179ms)
		BeginReloadAssembly (347ms)
			ExecutionOrderSort (0ms)
			DisableScriptedObjects (8ms)
			BackupInstance (0ms)
			ReleaseScriptingObjects (0ms)
			CreateAndSetChildDomain (104ms)
		EndReloadAssembly (6539ms)
			LoadAssemblies (618ms)
			RebuildTransferFunctionScriptingTraits (1ms)
			SetupTypeCache (2486ms)
			ReleaseScriptCaches (6ms)
			RebuildScriptCaches (319ms)
			SetupLoadedEditorAssemblies (2654ms)
				LogAssemblyErrors (0ms)
				InitializePlatformSupportModulesInManaged (59ms)
				SetLoadedEditorAssemblies (8ms)
				RefreshPlugins (39ms)
				BeforeProcessingInitializeOnLoad (427ms)
				ProcessInitializeOnLoadAttributes (1947ms)
				ProcessInitializeOnLoadMethodAttributes (161ms)
				AfterProcessingInitializeOnLoad (10ms)
				EditorAssembliesLoaded (3ms)
			ExecutionOrderSort2 (0ms)
			AwakeInstancesAfterBackupRestoration (22ms)
Platform modules already initialized, skipping
Refreshing native plugins compatible for Editor in 44.42 ms, found 7 plugins.
Preloading 4 native plugins for Editor in 27.71 ms.
Unloading 4586 Unused Serialized files (Serialized files now loaded: 0)
Unloading 69 unused Assets / (96.0 KB). Loaded Objects now: 5474.
Memory consumption went from 191.6 MB to 191.5 MB.
Total: 15.894274 ms (FindLiveObjects: 1.549674 ms CreateObjectMapping: 1.190365 ms MarkObjects: 12.598357 ms  DeleteObjects: 0.552672 ms)

AssetImportParameters requested are different than current active one (requested -> active):
  custom:video-decoder-ogg-theora: a1e56fd34408186e4bbccfd4996cb3dc -> 
  custom:container-muxer-webm: aa71ff27fc2769a1b78a27578f13a17b -> 
  custom:container-demuxer-webm: 4f35f7cbe854078d1ac9338744f61a02 -> 
  custom:video-encoder-webm-vp8: eb34c28f22e8b96e1ab97ce403110664 -> 
  custom:framework-osx-AVFoundation: e770b220cccbd017edd2c1fefb359320 -> 
  custom:audio-encoder-webm-vorbis: bf7c407c2cedff20999df2af8eb42d56 -> 
  custom:container-demuxer-ogg: 62fdf1f143b41e24485cea50d1cbac27 -> 
  custom:video-decoder-webm-vp8: 9c59270c3fd7afecdb556c50c9e8de78 -> 
  custom:audio-decoder-ogg-vorbis: bf7c407c2cedff20999df2af8eb42d56 -> 
========================================================================
Received Import Request.
  Time since last request: 183.951262 seconds.
  path: Assets/ExampleAssets/Scenes/SteeringWheel.unity
  artifactKey: Guid(9fc0d4010bbf28b4594072e72b8655ab) Importer(815301076,1909f56bfc062723c751e8b465ee728b)
Start importing Assets/ExampleAssets/Scenes/SteeringWheel.unity using Guid(9fc0d4010bbf28b4594072e72b8655ab) Importer(815301076,1909f56bfc062723c751e8b465ee728b)  -> (artifact id: 'b846f1f84d1102888f1c5d9f89d81f6b') in 0.017450 seconds 
========================================================================
Received Prepare
Registering precompiled user dll's ...
Registered in 0.011692 seconds.
Begin MonoManager ReloadAssembly
Symbol file LoadedFromMemory doesn't match image /Users/ruiwenhu/Documents/GitHub/CS490-AR-Project/Library/PackageCache/com.unity.visualscripting@1.7.8/Editor/VisualScripting.Core/Dependencies/DotNetZip/Unity.VisualScripting.IonicZip.dll
Symbol file LoadedFromMemory doesn't match image /Users/ruiwenhu/Documents/GitHub/CS490-AR-Project/Library/PackageCache/com.unity.visualscripting@1.7.8/Editor/VisualScripting.Core/Dependencies/YamlDotNet/Unity.VisualScripting.YamlDotNet.dll
Native extension for OSXStandalone target not found
Native extension for WebGL target not found
Refreshing native plugins compatible for Editor in 6.25 ms, found 7 plugins.
Preloading 4 native plugins for Editor in 27.73 ms.
Mono: successfully reloaded assembly
- Completed reload, in 10.447 seconds
Domain Reload Profiling:
	ReloadAssembly (10453ms)
		BeginReloadAssembly (1301ms)
			ExecutionOrderSort (0ms)
			DisableScriptedObjects (57ms)
			BackupInstance (0ms)
			ReleaseScriptingObjects (1ms)
			CreateAndSetChildDomain (443ms)
		EndReloadAssembly (8103ms)
			LoadAssemblies (1003ms)
			RebuildTransferFunctionScriptingTraits (0ms)
			SetupTypeCache (2781ms)
			ReleaseScriptCaches (5ms)
			RebuildScriptCaches (352ms)
			SetupLoadedEditorAssemblies (3763ms)
				LogAssemblyErrors (0ms)
				InitializePlatformSupportModulesInManaged (63ms)
				SetLoadedEditorAssemblies (6ms)
				RefreshPlugins (34ms)
				BeforeProcessingInitializeOnLoad (536ms)
				ProcessInitializeOnLoadAttributes (2782ms)
				ProcessInitializeOnLoadMethodAttributes (322ms)
				AfterProcessingInitializeOnLoad (18ms)
				EditorAssembliesLoaded (1ms)
			ExecutionOrderSort2 (0ms)
			AwakeInstancesAfterBackupRestoration (46ms)
Platform modules already initialized, skipping
Refreshing native plugins compatible for Editor in 67.76 ms, found 7 plugins.
Preloading 4 native plugins for Editor in 39.77 ms.
Unloading 4586 Unused Serialized files (Serialized files now loaded: 0)
Unloading 69 unused Assets / (96.0 KB). Loaded Objects now: 5478.
Memory consumption went from 191.6 MB to 191.5 MB.
Total: 43.746117 ms (FindLiveObjects: 4.189184 ms CreateObjectMapping: 3.818669 ms MarkObjects: 34.332259 ms  DeleteObjects: 1.403199 ms)

AssetImportParameters requested are different than current active one (requested -> active):
  custom:video-decoder-ogg-theora: a1e56fd34408186e4bbccfd4996cb3dc -> 
  custom:container-muxer-webm: aa71ff27fc2769a1b78a27578f13a17b -> 
  custom:container-demuxer-webm: 4f35f7cbe854078d1ac9338744f61a02 -> 
  custom:video-encoder-webm-vp8: eb34c28f22e8b96e1ab97ce403110664 -> 
  custom:framework-osx-AVFoundation: e770b220cccbd017edd2c1fefb359320 -> 
  custom:audio-encoder-webm-vorbis: bf7c407c2cedff20999df2af8eb42d56 -> 
  custom:container-demuxer-ogg: 62fdf1f143b41e24485cea50d1cbac27 -> 
  custom:video-decoder-webm-vp8: 9c59270c3fd7afecdb556c50c9e8de78 -> 
  custom:audio-decoder-ogg-vorbis: bf7c407c2cedff20999df2af8eb42d56 -> 
========================================================================
Received Prepare
Registering precompiled user dll's ...
Registered in 0.015841 seconds.
Begin MonoManager ReloadAssembly
Symbol file LoadedFromMemory doesn't match image /Users/ruiwenhu/Documents/GitHub/CS490-AR-Project/Library/PackageCache/com.unity.visualscripting@1.7.8/Editor/VisualScripting.Core/Dependencies/DotNetZip/Unity.VisualScripting.IonicZip.dll
Symbol file LoadedFromMemory doesn't match image /Users/ruiwenhu/Documents/GitHub/CS490-AR-Project/Library/PackageCache/com.unity.visualscripting@1.7.8/Editor/VisualScripting.Core/Dependencies/YamlDotNet/Unity.VisualScripting.YamlDotNet.dll
Native extension for OSXStandalone target not found
Native extension for WebGL target not found
Refreshing native plugins compatible for Editor in 10.33 ms, found 7 plugins.
Preloading 4 native plugins for Editor in 60.98 ms.
Mono: successfully reloaded assembly
- Completed reload, in 14.260 seconds
Domain Reload Profiling:
	ReloadAssembly (14268ms)
		BeginReloadAssembly (1513ms)
			ExecutionOrderSort (0ms)
			DisableScriptedObjects (19ms)
			BackupInstance (0ms)
			ReleaseScriptingObjects (0ms)
			CreateAndSetChildDomain (651ms)
		EndReloadAssembly (11569ms)
			LoadAssemblies (1545ms)
			RebuildTransferFunctionScriptingTraits (0ms)
			SetupTypeCache (4614ms)
			ReleaseScriptCaches (9ms)
			RebuildScriptCaches (529ms)
			SetupLoadedEditorAssemblies (4630ms)
				LogAssemblyErrors (0ms)
				InitializePlatformSupportModulesInManaged (73ms)
				SetLoadedEditorAssemblies (4ms)
				RefreshPlugins (72ms)
				BeforeProcessingInitializeOnLoad (696ms)
				ProcessInitializeOnLoadAttributes (3483ms)
				ProcessInitializeOnLoadMethodAttributes (282ms)
				AfterProcessingInitializeOnLoad (18ms)
				EditorAssembliesLoaded (2ms)
			ExecutionOrderSort2 (0ms)
			AwakeInstancesAfterBackupRestoration (33ms)
Platform modules already initialized, skipping
Refreshing native plugins compatible for Editor in 84.12 ms, found 7 plugins.
Preloading 4 native plugins for Editor in 23.24 ms.
Unloading 4586 Unused Serialized files (Serialized files now loaded: 0)
Unloading 69 unused Assets / (96.0 KB). Loaded Objects now: 5482.
Memory consumption went from 191.8 MB to 191.7 MB.
Total: 80.672207 ms (FindLiveObjects: 0.849372 ms CreateObjectMapping: 2.740231 ms MarkObjects: 74.392982 ms  DeleteObjects: 2.683421 ms)

AssetImportParameters requested are different than current active one (requested -> active):
  custom:video-decoder-ogg-theora: a1e56fd34408186e4bbccfd4996cb3dc -> 
  custom:container-muxer-webm: aa71ff27fc2769a1b78a27578f13a17b -> 
  custom:container-demuxer-webm: 4f35f7cbe854078d1ac9338744f61a02 -> 
  custom:video-encoder-webm-vp8: eb34c28f22e8b96e1ab97ce403110664 -> 
  custom:framework-osx-AVFoundation: e770b220cccbd017edd2c1fefb359320 -> 
  custom:audio-encoder-webm-vorbis: bf7c407c2cedff20999df2af8eb42d56 -> 
  custom:container-demuxer-ogg: 62fdf1f143b41e24485cea50d1cbac27 -> 
  custom:video-decoder-webm-vp8: 9c59270c3fd7afecdb556c50c9e8de78 -> 
  custom:audio-decoder-ogg-vorbis: bf7c407c2cedff20999df2af8eb42d56 -> 
========================================================================
Received Prepare
Registering precompiled user dll's ...
Registered in 0.075972 seconds.
Begin MonoManager ReloadAssembly
Symbol file LoadedFromMemory doesn't match image /Users/ruiwenhu/Documents/GitHub/CS490-AR-Project/Library/PackageCache/com.unity.visualscripting@1.7.8/Editor/VisualScripting.Core/Dependencies/DotNetZip/Unity.VisualScripting.IonicZip.dll
Symbol file LoadedFromMemory doesn't match image /Users/ruiwenhu/Documents/GitHub/CS490-AR-Project/Library/PackageCache/com.unity.visualscripting@1.7.8/Editor/VisualScripting.Core/Dependencies/YamlDotNet/Unity.VisualScripting.YamlDotNet.dll
Native extension for OSXStandalone target not found
Native extension for WebGL target not found
Refreshing native plugins compatible for Editor in 5.43 ms, found 7 plugins.
Preloading 4 native plugins for Editor in 106.61 ms.
Mono: successfully reloaded assembly
- Completed reload, in 20.529 seconds
Domain Reload Profiling:
	ReloadAssembly (20540ms)
		BeginReloadAssembly (1233ms)
			ExecutionOrderSort (0ms)
			DisableScriptedObjects (57ms)
			BackupInstance (0ms)
			ReleaseScriptingObjects (0ms)
			CreateAndSetChildDomain (582ms)
		EndReloadAssembly (18654ms)
			LoadAssemblies (624ms)
			RebuildTransferFunctionScriptingTraits (0ms)
			SetupTypeCache (5816ms)
			ReleaseScriptCaches (52ms)
			RebuildScriptCaches (1405ms)
			SetupLoadedEditorAssemblies (8192ms)
				LogAssemblyErrors (1ms)
				InitializePlatformSupportModulesInManaged (317ms)
				SetLoadedEditorAssemblies (4ms)
				RefreshPlugins (113ms)
				BeforeProcessingInitializeOnLoad (1328ms)
				ProcessInitializeOnLoadAttributes (6088ms)
				ProcessInitializeOnLoadMethodAttributes (328ms)
				AfterProcessingInitializeOnLoad (11ms)
				EditorAssembliesLoaded (2ms)
			ExecutionOrderSort2 (0ms)
			AwakeInstancesAfterBackupRestoration (21ms)
Platform modules already initialized, skipping
Refreshing native plugins compatible for Editor in 24.37 ms, found 7 plugins.
Preloading 4 native plugins for Editor in 24.15 ms.
Unloading 4586 Unused Serialized files (Serialized files now loaded: 0)
Unloading 69 unused Assets / (96.1 KB). Loaded Objects now: 5486.
Memory consumption went from 191.8 MB to 191.7 MB.
Total: 9.685471 ms (FindLiveObjects: 0.838199 ms CreateObjectMapping: 0.606785 ms MarkObjects: 7.987274 ms  DeleteObjects: 0.251269 ms)

AssetImportParameters requested are different than current active one (requested -> active):
  custom:video-decoder-ogg-theora: a1e56fd34408186e4bbccfd4996cb3dc -> 
  custom:container-muxer-webm: aa71ff27fc2769a1b78a27578f13a17b -> 
  custom:container-demuxer-webm: 4f35f7cbe854078d1ac9338744f61a02 -> 
  custom:video-encoder-webm-vp8: eb34c28f22e8b96e1ab97ce403110664 -> 
  custom:framework-osx-AVFoundation: e770b220cccbd017edd2c1fefb359320 -> 
  custom:audio-encoder-webm-vorbis: bf7c407c2cedff20999df2af8eb42d56 -> 
  custom:container-demuxer-ogg: 62fdf1f143b41e24485cea50d1cbac27 -> 
  custom:video-decoder-webm-vp8: 9c59270c3fd7afecdb556c50c9e8de78 -> 
  custom:audio-decoder-ogg-vorbis: bf7c407c2cedff20999df2af8eb42d56 -> 
========================================================================
Received Prepare
Registering precompiled user dll's ...
Registered in 0.036597 seconds.
Begin MonoManager ReloadAssembly
Symbol file LoadedFromMemory doesn't match image /Users/ruiwenhu/Documents/GitHub/CS490-AR-Project/Library/PackageCache/com.unity.visualscripting@1.7.8/Editor/VisualScripting.Core/Dependencies/DotNetZip/Unity.VisualScripting.IonicZip.dll
Symbol file LoadedFromMemory doesn't match image /Users/ruiwenhu/Documents/GitHub/CS490-AR-Project/Library/PackageCache/com.unity.visualscripting@1.7.8/Editor/VisualScripting.Core/Dependencies/YamlDotNet/Unity.VisualScripting.YamlDotNet.dll
Native extension for OSXStandalone target not found
Native extension for WebGL target not found
Refreshing native plugins compatible for Editor in 13.16 ms, found 7 plugins.
Preloading 4 native plugins for Editor in 59.38 ms.
Mono: successfully reloaded assembly
- Completed reload, in 20.133 seconds
Domain Reload Profiling:
	ReloadAssembly (20139ms)
		BeginReloadAssembly (3057ms)
			ExecutionOrderSort (0ms)
			DisableScriptedObjects (95ms)
			BackupInstance (0ms)
			ReleaseScriptingObjects (1ms)
			CreateAndSetChildDomain (1163ms)
		EndReloadAssembly (15365ms)
			LoadAssemblies (2201ms)
			RebuildTransferFunctionScriptingTraits (0ms)
			SetupTypeCache (5442ms)
			ReleaseScriptCaches (9ms)
			RebuildScriptCaches (1011ms)
			SetupLoadedEditorAssemblies (5968ms)
				LogAssemblyErrors (0ms)
				InitializePlatformSupportModulesInManaged (120ms)
				SetLoadedEditorAssemblies (18ms)
				RefreshPlugins (73ms)
				BeforeProcessingInitializeOnLoad (924ms)
				ProcessInitializeOnLoadAttributes (4172ms)
				ProcessInitializeOnLoadMethodAttributes (644ms)
				AfterProcessingInitializeOnLoad (13ms)
				EditorAssembliesLoaded (4ms)
			ExecutionOrderSort2 (0ms)
			AwakeInstancesAfterBackupRestoration (122ms)
Platform modules already initialized, skipping
Refreshing native plugins compatible for Editor in 131.74 ms, found 7 plugins.
Preloading 4 native plugins for Editor in 95.88 ms.
Unloading 4586 Unused Serialized files (Serialized files now loaded: 0)
Unloading 69 unused Assets / (89.1 KB). Loaded Objects now: 5490.
Memory consumption went from 191.8 MB to 191.7 MB.
Total: 29.845208 ms (FindLiveObjects: 1.062233 ms CreateObjectMapping: 1.347361 ms MarkObjects: 27.025130 ms  DeleteObjects: 0.407885 ms)

AssetImportParameters requested are different than current active one (requested -> active):
  custom:video-decoder-ogg-theora: a1e56fd34408186e4bbccfd4996cb3dc -> 
  custom:container-muxer-webm: aa71ff27fc2769a1b78a27578f13a17b -> 
  custom:container-demuxer-webm: 4f35f7cbe854078d1ac9338744f61a02 -> 
  custom:video-encoder-webm-vp8: eb34c28f22e8b96e1ab97ce403110664 -> 
  custom:framework-osx-AVFoundation: e770b220cccbd017edd2c1fefb359320 -> 
  custom:audio-encoder-webm-vorbis: bf7c407c2cedff20999df2af8eb42d56 -> 
  custom:container-demuxer-ogg: 62fdf1f143b41e24485cea50d1cbac27 -> 
  custom:video-decoder-webm-vp8: 9c59270c3fd7afecdb556c50c9e8de78 -> 
  custom:audio-decoder-ogg-vorbis: bf7c407c2cedff20999df2af8eb42d56 -> 
